[ 2017-09-06T09:02:56+08:00 ] 127.0.0.8 127.0.0.1 GET /
[ log ] www.lvyou.com/ [运行时间：0.213012s][吞吐率：4.69req/s] [内存消耗：4,173.84kb] [文件加载：65]
[ info ] [ LANG ] D:\wamp64\www\lvyou\thinkphp\lang\zh-cn.php
[ info ] [ ROUTE ] array (
  'type' => 'module',
  'module' => 
  array (
    0 => '',
    1 => NULL,
    2 => NULL,
  ),
)
[ info ] [ HEADER ] array (
  'host' => 'www.lvyou.com',
  'user-agent' => 'Mozilla/5.0 (Windows NT 6.1; WOW64; rv:55.0) Gecko/20100101 Firefox/55.0',
  'accept' => 'text/html,application/xhtml+xml,application/xml;q=0.9,*/*;q=0.8',
  'accept-language' => 'zh-CN,zh;q=0.8,en-US;q=0.5,en;q=0.3',
  'accept-encoding' => 'gzip, deflate',
  'connection' => 'keep-alive',
  'upgrade-insecure-requests' => '1',
)
[ info ] [ PARAM ] array (
)
[ info ] [ CACHE ] INIT File
[ info ] [ DB ] INIT mysql
[ info ] [ SESSION ] INIT array (
  'id' => '',
  'var_session_id' => '',
  'prefix' => 'think',
  'type' => '',
  'auto_start' => true,
)
[ info ] [ DB ] INIT mysql
[ info ] [ DB ] INIT mysql
[ info ] [ RUN ] app\home\controller\Index->index[ D:\wamp64\www\lvyou\application\home\controller\Index.php ]
[ info ] [ VIEW ] ./themes/default/index\index.html [ array (
  0 => 'site_title',
  1 => 'seo_title',
  2 => 'seo_keyword',
  3 => 'seo_description',
  4 => 'site_copyright',
  5 => 'site_icp',
  6 => 'site_tongji',
  7 => 'nav',
  8 => 'slide',
  9 => 'user_name',
  10 => 'user_id',
  11 => 'ad',
  12 => 'news',
) ]
[ info ] [ LOG ] INIT File
[ sql ] [ DB ] CONNECT:[ UseTime:0.018001s ] mysql:dbname=lvyou;host=localhost;charset=utf8
[ sql ] [ SQL ] SHOW COLUMNS FROM `os_nav` [ RunTime:0.005001s ]
[ sql ] [ SQL ] SELECT * FROM `os_nav` WHERE  `status` = 1 ORDER BY `sort`  ASC [ RunTime:0.001000s ]
[ sql ] [ DB ] CONNECT:[ UseTime:0.011001s ] mysql:dbname=lvyou;host=localhost;charset=utf8
[ sql ] [ SQL ] SHOW COLUMNS FROM `os_slide` [ RunTime:0.001000s ]
[ sql ] [ SQL ] SELECT * FROM `os_slide` WHERE  `status` = 1 LIMIT 3 [ RunTime:0.000000s ]
[ sql ] [ DB ] CONNECT:[ UseTime:0.002000s ] mysql:dbname=lvyou;host=localhost;charset=utf8
[ sql ] [ SQL ] SELECT * FROM `os_slide` WHERE  `status` = 1  AND `cid` = 2 LIMIT 1 [ RunTime:0.001000s ]
[ sql ] [ SQL ] SHOW COLUMNS FROM `os_article` [ RunTime:0.001000s ]
[ sql ] [ SQL ] SELECT * FROM `os_article` WHERE  `status` = 1 LIMIT 7 [ RunTime:0.001000s ]

---------------------------------------------------------------
[ 2017-09-06T14:16:23+08:00 ] 127.0.0.8 127.0.0.1 GET /
[ log ] www.lvyou.com/ [运行时间：0.181011s][吞吐率：5.52req/s] [内存消耗：4,173.90kb] [文件加载：65]
[ info ] [ LANG ] D:\wamp64\www\lvyou\thinkphp\lang\zh-cn.php
[ info ] [ ROUTE ] array (
  'type' => 'module',
  'module' => 
  array (
    0 => '',
    1 => NULL,
    2 => NULL,
  ),
)
[ info ] [ HEADER ] array (
  'host' => 'www.lvyou.com',
  'user-agent' => 'Mozilla/5.0 (Windows NT 6.1; WOW64; rv:55.0) Gecko/20100101 Firefox/55.0',
  'accept' => 'text/html,application/xhtml+xml,application/xml;q=0.9,*/*;q=0.8',
  'accept-language' => 'zh-CN,zh;q=0.8,en-US;q=0.5,en;q=0.3',
  'accept-encoding' => 'gzip, deflate',
  'cookie' => 'PHPSESSID=p7flv2m39nvhl9ggeoaaie8vn0',
  'connection' => 'keep-alive',
  'upgrade-insecure-requests' => '1',
)
[ info ] [ PARAM ] array (
)
[ info ] [ CACHE ] INIT File
[ info ] [ DB ] INIT mysql
[ info ] [ SESSION ] INIT array (
  'id' => '',
  'var_session_id' => '',
  'prefix' => 'think',
  'type' => '',
  'auto_start' => true,
)
[ info ] [ DB ] INIT mysql
[ info ] [ DB ] INIT mysql
[ info ] [ RUN ] app\home\controller\Index->index[ D:\wamp64\www\lvyou\application\home\controller\Index.php ]
[ info ] [ VIEW ] ./themes/default/index\index.html [ array (
  0 => 'site_title',
  1 => 'seo_title',
  2 => 'seo_keyword',
  3 => 'seo_description',
  4 => 'site_copyright',
  5 => 'site_icp',
  6 => 'site_tongji',
  7 => 'nav',
  8 => 'slide',
  9 => 'user_name',
  10 => 'user_id',
  11 => 'ad',
  12 => 'news',
) ]
[ info ] [ LOG ] INIT File
[ sql ] [ DB ] CONNECT:[ UseTime:0.009000s ] mysql:dbname=lvyou;host=localhost;charset=utf8
[ sql ] [ SQL ] SHOW COLUMNS FROM `os_nav` [ RunTime:0.009001s ]
[ sql ] [ SQL ] SELECT * FROM `os_nav` WHERE  `status` = 1 ORDER BY `sort`  ASC [ RunTime:0.007000s ]
[ sql ] [ DB ] CONNECT:[ UseTime:0.004001s ] mysql:dbname=lvyou;host=localhost;charset=utf8
[ sql ] [ SQL ] SHOW COLUMNS FROM `os_slide` [ RunTime:0.007000s ]
[ sql ] [ SQL ] SELECT * FROM `os_slide` WHERE  `status` = 1 LIMIT 3 [ RunTime:0.001000s ]
[ sql ] [ DB ] CONNECT:[ UseTime:0.003000s ] mysql:dbname=lvyou;host=localhost;charset=utf8
[ sql ] [ SQL ] SELECT * FROM `os_slide` WHERE  `status` = 1  AND `cid` = 2 LIMIT 1 [ RunTime:0.001000s ]
[ sql ] [ SQL ] SHOW COLUMNS FROM `os_article` [ RunTime:0.001000s ]
[ sql ] [ SQL ] SELECT * FROM `os_article` WHERE  `status` = 1 LIMIT 7 [ RunTime:0.001000s ]

---------------------------------------------------------------
[ 2017-09-06T14:16:28+08:00 ] 127.0.0.8 127.0.0.1 GET /
[ log ] www.lvyou.com/ [运行时间：0.081004s][吞吐率：12.35req/s] [内存消耗：4,173.90kb] [文件加载：65]
[ info ] [ LANG ] D:\wamp64\www\lvyou\thinkphp\lang\zh-cn.php
[ info ] [ ROUTE ] array (
  'type' => 'module',
  'module' => 
  array (
    0 => '',
    1 => NULL,
    2 => NULL,
  ),
)
[ info ] [ HEADER ] array (
  'host' => 'www.lvyou.com',
  'user-agent' => 'Mozilla/5.0 (Windows NT 6.1; WOW64; rv:55.0) Gecko/20100101 Firefox/55.0',
  'accept' => 'text/html,application/xhtml+xml,application/xml;q=0.9,*/*;q=0.8',
  'accept-language' => 'zh-CN,zh;q=0.8,en-US;q=0.5,en;q=0.3',
  'accept-encoding' => 'gzip, deflate',
  'cookie' => 'PHPSESSID=p7flv2m39nvhl9ggeoaaie8vn0',
  'connection' => 'keep-alive',
  'upgrade-insecure-requests' => '1',
)
[ info ] [ PARAM ] array (
)
[ info ] [ CACHE ] INIT File
[ info ] [ DB ] INIT mysql
[ info ] [ SESSION ] INIT array (
  'id' => '',
  'var_session_id' => '',
  'prefix' => 'think',
  'type' => '',
  'auto_start' => true,
)
[ info ] [ DB ] INIT mysql
[ info ] [ DB ] INIT mysql
[ info ] [ RUN ] app\home\controller\Index->index[ D:\wamp64\www\lvyou\application\home\controller\Index.php ]
[ info ] [ VIEW ] ./themes/default/index\index.html [ array (
  0 => 'site_title',
  1 => 'seo_title',
  2 => 'seo_keyword',
  3 => 'seo_description',
  4 => 'site_copyright',
  5 => 'site_icp',
  6 => 'site_tongji',
  7 => 'nav',
  8 => 'slide',
  9 => 'user_name',
  10 => 'user_id',
  11 => 'ad',
  12 => 'news',
) ]
[ info ] [ LOG ] INIT File
[ sql ] [ DB ] CONNECT:[ UseTime:0.005000s ] mysql:dbname=lvyou;host=localhost;charset=utf8
[ sql ] [ SQL ] SHOW COLUMNS FROM `os_nav` [ RunTime:0.002000s ]
[ sql ] [ SQL ] SELECT * FROM `os_nav` WHERE  `status` = 1 ORDER BY `sort`  ASC [ RunTime:0.000000s ]
[ sql ] [ DB ] CONNECT:[ UseTime:0.002000s ] mysql:dbname=lvyou;host=localhost;charset=utf8
[ sql ] [ SQL ] SHOW COLUMNS FROM `os_slide` [ RunTime:0.003000s ]
[ sql ] [ SQL ] SELECT * FROM `os_slide` WHERE  `status` = 1 LIMIT 3 [ RunTime:0.001000s ]
[ sql ] [ DB ] CONNECT:[ UseTime:0.005000s ] mysql:dbname=lvyou;host=localhost;charset=utf8
[ sql ] [ SQL ] SELECT * FROM `os_slide` WHERE  `status` = 1  AND `cid` = 2 LIMIT 1 [ RunTime:0.002001s ]
[ sql ] [ SQL ] SHOW COLUMNS FROM `os_article` [ RunTime:0.001000s ]
[ sql ] [ SQL ] SELECT * FROM `os_article` WHERE  `status` = 1 LIMIT 7 [ RunTime:0.001000s ]

---------------------------------------------------------------
[ 2017-09-06T14:16:31+08:00 ] 127.0.0.8 127.0.0.1 GET /
[ log ] www.lvyou.com/ [运行时间：0.095006s][吞吐率：10.53req/s] [内存消耗：4,173.90kb] [文件加载：65]
[ info ] [ LANG ] D:\wamp64\www\lvyou\thinkphp\lang\zh-cn.php
[ info ] [ ROUTE ] array (
  'type' => 'module',
  'module' => 
  array (
    0 => '',
    1 => NULL,
    2 => NULL,
  ),
)
[ info ] [ HEADER ] array (
  'host' => 'www.lvyou.com',
  'user-agent' => 'Mozilla/5.0 (Windows NT 6.1; WOW64; rv:55.0) Gecko/20100101 Firefox/55.0',
  'accept' => 'text/html,application/xhtml+xml,application/xml;q=0.9,*/*;q=0.8',
  'accept-language' => 'zh-CN,zh;q=0.8,en-US;q=0.5,en;q=0.3',
  'accept-encoding' => 'gzip, deflate',
  'cookie' => 'PHPSESSID=p7flv2m39nvhl9ggeoaaie8vn0',
  'connection' => 'keep-alive',
  'upgrade-insecure-requests' => '1',
)
[ info ] [ PARAM ] array (
)
[ info ] [ CACHE ] INIT File
[ info ] [ DB ] INIT mysql
[ info ] [ SESSION ] INIT array (
  'id' => '',
  'var_session_id' => '',
  'prefix' => 'think',
  'type' => '',
  'auto_start' => true,
)
[ info ] [ DB ] INIT mysql
[ info ] [ DB ] INIT mysql
[ info ] [ RUN ] app\home\controller\Index->index[ D:\wamp64\www\lvyou\application\home\controller\Index.php ]
[ info ] [ VIEW ] ./themes/default/index\index.html [ array (
  0 => 'site_title',
  1 => 'seo_title',
  2 => 'seo_keyword',
  3 => 'seo_description',
  4 => 'site_copyright',
  5 => 'site_icp',
  6 => 'site_tongji',
  7 => 'nav',
  8 => 'slide',
  9 => 'user_name',
  10 => 'user_id',
  11 => 'ad',
  12 => 'news',
) ]
[ info ] [ LOG ] INIT File
[ sql ] [ DB ] CONNECT:[ UseTime:0.001000s ] mysql:dbname=lvyou;host=localhost;charset=utf8
[ sql ] [ SQL ] SHOW COLUMNS FROM `os_nav` [ RunTime:0.001000s ]
[ sql ] [ SQL ] SELECT * FROM `os_nav` WHERE  `status` = 1 ORDER BY `sort`  ASC [ RunTime:0.000000s ]
[ sql ] [ DB ] CONNECT:[ UseTime:0.015001s ] mysql:dbname=lvyou;host=localhost;charset=utf8
[ sql ] [ SQL ] SHOW COLUMNS FROM `os_slide` [ RunTime:0.005001s ]
[ sql ] [ SQL ] SELECT * FROM `os_slide` WHERE  `status` = 1 LIMIT 3 [ RunTime:0.000000s ]
[ sql ] [ DB ] CONNECT:[ UseTime:0.002000s ] mysql:dbname=lvyou;host=localhost;charset=utf8
[ sql ] [ SQL ] SELECT * FROM `os_slide` WHERE  `status` = 1  AND `cid` = 2 LIMIT 1 [ RunTime:0.001000s ]
[ sql ] [ SQL ] SHOW COLUMNS FROM `os_article` [ RunTime:0.003000s ]
[ sql ] [ SQL ] SELECT * FROM `os_article` WHERE  `status` = 1 LIMIT 7 [ RunTime:0.002000s ]

---------------------------------------------------------------
