[ 2017-09-08T08:58:47+08:00 ] 127.0.0.1 127.0.0.1 GET /
[ log ] lvyou.qunhuan.com/ [运行时间：1.046060s][吞吐率：0.96req/s] [内存消耗：2,416.79kb] [文件加载：62]
[ info ] [ LANG ] D:\phpStudy\WWW\lvyou\thinkphp\lang\zh-cn.php
[ info ] [ ROUTE ] array (
  'type' => 'module',
  'module' => 
  array (
    0 => '',
    1 => NULL,
    2 => NULL,
  ),
)
[ info ] [ HEADER ] array (
  'if-modified-since' => 'Thu, 06 Jul 2017 05:15:53 GMT',
  'if-none-match' => '"595dc789-0"',
  'cookie' => '_ga=GA1.2.2046992331.1503559220',
  'accept-language' => 'zh-CN,zh;q=0.8',
  'accept-encoding' => 'gzip, deflate',
  'accept' => 'text/html,application/xhtml+xml,application/xml;q=0.9,image/webp,image/apng,*/*;q=0.8',
  'user-agent' => 'Mozilla/5.0 (Windows NT 6.1; WOW64) AppleWebKit/537.36 (KHTML, like Gecko) Chrome/60.0.3112.113 Safari/537.36',
  'upgrade-insecure-requests' => '1',
  'cache-control' => 'max-age=0',
  'connection' => 'close',
  'host' => 'lvyou.qunhuan.com',
)
[ info ] [ PARAM ] array (
)
[ info ] [ CACHE ] INIT File
[ info ] [ DB ] INIT mysql
[ info ] [ LOG ] INIT File
[ error ] [1045]SQLSTATE[HY000] [1045] Access denied for user 'root'@'localhost' (using password: NO)[D:\phpStudy\WWW\lvyou\thinkphp\library\think\db\Connection.php:300]

---------------------------------------------------------------
[ 2017-09-08T09:00:29+08:00 ] 127.0.0.1 127.0.0.1 GET /
[ log ] lvyou.qunhuan.com/ [运行时间：3.526202s][吞吐率：0.28req/s] [内存消耗：2,922.26kb] [文件加载：65]
[ info ] [ LANG ] D:\phpStudy\WWW\lvyou\thinkphp\lang\zh-cn.php
[ info ] [ ROUTE ] array (
  'type' => 'module',
  'module' => 
  array (
    0 => '',
    1 => NULL,
    2 => NULL,
  ),
)
[ info ] [ HEADER ] array (
  'cookie' => '_ga=GA1.2.2046992331.1503559220',
  'accept-language' => 'zh-CN,zh;q=0.8',
  'accept-encoding' => 'gzip, deflate',
  'accept' => 'text/html,application/xhtml+xml,application/xml;q=0.9,image/webp,image/apng,*/*;q=0.8',
  'user-agent' => 'Mozilla/5.0 (Windows NT 6.1; WOW64) AppleWebKit/537.36 (KHTML, like Gecko) Chrome/60.0.3112.113 Safari/537.36',
  'upgrade-insecure-requests' => '1',
  'cache-control' => 'max-age=0',
  'connection' => 'close',
  'host' => 'lvyou.qunhuan.com',
)
[ info ] [ PARAM ] array (
)
[ info ] [ CACHE ] INIT File
[ info ] [ DB ] INIT mysql
[ info ] [ SESSION ] INIT array (
  'id' => '',
  'var_session_id' => '',
  'prefix' => 'think',
  'type' => '',
  'auto_start' => true,
)
[ info ] [ DB ] INIT mysql
[ info ] [ DB ] INIT mysql
[ info ] [ RUN ] app\home\controller\Index->index[ D:\phpStudy\WWW\lvyou\application\home\controller\Index.php ]
[ info ] [ VIEW ] ./themes/default/index\index.html [ array (
  0 => 'site_title',
  1 => 'seo_title',
  2 => 'seo_keyword',
  3 => 'seo_description',
  4 => 'site_copyright',
  5 => 'site_icp',
  6 => 'site_tongji',
  7 => 'nav',
  8 => 'slide',
  9 => 'user_name',
  10 => 'user_id',
  11 => 'ad',
  12 => 'news',
) ]
[ info ] [ LOG ] INIT File
[ sql ] [ DB ] CONNECT:[ UseTime:1.164067s ] mysql:dbname=lvyou;host=localhost;charset=utf8
[ sql ] [ SQL ] SHOW COLUMNS FROM `os_nav` [ RunTime:0.070004s ]
[ sql ] [ SQL ] SELECT * FROM `os_nav` WHERE  `status` = 1 ORDER BY `sort`  ASC [ RunTime:0.003001s ]
[ sql ] [ DB ] CONNECT:[ UseTime:1.032059s ] mysql:dbname=lvyou;host=localhost;charset=utf8
[ sql ] [ SQL ] SHOW COLUMNS FROM `os_slide` [ RunTime:0.051003s ]
[ sql ] [ SQL ] SELECT * FROM `os_slide` WHERE  `status` = 1 LIMIT 3 [ RunTime:0.010000s ]
[ sql ] [ DB ] CONNECT:[ UseTime:1.107064s ] mysql:dbname=lvyou;host=localhost;charset=utf8
[ sql ] [ SQL ] SELECT * FROM `os_slide` WHERE  `status` = 1  AND `cid` = 2 LIMIT 1 [ RunTime:0.003000s ]
[ sql ] [ SQL ] SHOW COLUMNS FROM `os_article` [ RunTime:0.011001s ]
[ sql ] [ SQL ] SELECT * FROM `os_article` WHERE  `status` = 1 LIMIT 7 [ RunTime:0.002000s ]

---------------------------------------------------------------
[ 2017-09-08T09:00:43+08:00 ] 127.0.0.1 127.0.0.1 GET /
[ log ] lvyou.qunhuan.com/ [运行时间：3.116179s][吞吐率：0.32req/s] [内存消耗：2,921.98kb] [文件加载：65]
[ info ] [ LANG ] D:\phpStudy\WWW\lvyou\thinkphp\lang\zh-cn.php
[ info ] [ ROUTE ] array (
  'type' => 'module',
  'module' => 
  array (
    0 => '',
    1 => NULL,
    2 => NULL,
  ),
)
[ info ] [ HEADER ] array (
  'cookie' => '_ga=GA1.2.2046992331.1503559220; PHPSESSID=girak17igf6gbg01kgfat2o8q4',
  'accept-language' => 'zh-CN,zh;q=0.8',
  'accept-encoding' => 'gzip, deflate',
  'accept' => 'text/html,application/xhtml+xml,application/xml;q=0.9,image/webp,image/apng,*/*;q=0.8',
  'user-agent' => 'Mozilla/5.0 (Windows NT 6.1; WOW64) AppleWebKit/537.36 (KHTML, like Gecko) Chrome/60.0.3112.113 Safari/537.36',
  'upgrade-insecure-requests' => '1',
  'connection' => 'close',
  'host' => 'lvyou.qunhuan.com',
)
[ info ] [ PARAM ] array (
)
[ info ] [ CACHE ] INIT File
[ info ] [ DB ] INIT mysql
[ info ] [ SESSION ] INIT array (
  'id' => '',
  'var_session_id' => '',
  'prefix' => 'think',
  'type' => '',
  'auto_start' => true,
)
[ info ] [ DB ] INIT mysql
[ info ] [ DB ] INIT mysql
[ info ] [ RUN ] app\home\controller\Index->index[ D:\phpStudy\WWW\lvyou\application\home\controller\Index.php ]
[ info ] [ VIEW ] ./themes/default/index\index.html [ array (
  0 => 'site_title',
  1 => 'seo_title',
  2 => 'seo_keyword',
  3 => 'seo_description',
  4 => 'site_copyright',
  5 => 'site_icp',
  6 => 'site_tongji',
  7 => 'nav',
  8 => 'slide',
  9 => 'user_name',
  10 => 'user_id',
  11 => 'ad',
  12 => 'news',
) ]
[ info ] [ LOG ] INIT File
[ sql ] [ DB ] CONNECT:[ UseTime:1.001057s ] mysql:dbname=lvyou;host=localhost;charset=utf8
[ sql ] [ SQL ] SHOW COLUMNS FROM `os_nav` [ RunTime:0.009001s ]
[ sql ] [ SQL ] SELECT * FROM `os_nav` WHERE  `status` = 1 ORDER BY `sort`  ASC [ RunTime:0.000000s ]
[ sql ] [ DB ] CONNECT:[ UseTime:1.011058s ] mysql:dbname=lvyou;host=localhost;charset=utf8
[ sql ] [ SQL ] SHOW COLUMNS FROM `os_slide` [ RunTime:0.011000s ]
[ sql ] [ SQL ] SELECT * FROM `os_slide` WHERE  `status` = 1 LIMIT 3 [ RunTime:0.001000s ]
[ sql ] [ DB ] CONNECT:[ UseTime:1.028059s ] mysql:dbname=lvyou;host=localhost;charset=utf8
[ sql ] [ SQL ] SELECT * FROM `os_slide` WHERE  `status` = 1  AND `cid` = 2 LIMIT 1 [ RunTime:0.001000s ]
[ sql ] [ SQL ] SHOW COLUMNS FROM `os_article` [ RunTime:0.012001s ]
[ sql ] [ SQL ] SELECT * FROM `os_article` WHERE  `status` = 1 LIMIT 7 [ RunTime:0.001000s ]

---------------------------------------------------------------
[ 2017-09-08T09:00:51+08:00 ] 127.0.0.1 127.0.0.1 GET /
[ log ] lvyou.qunhuan.com/ [运行时间：3.101177s][吞吐率：0.32req/s] [内存消耗：2,921.98kb] [文件加载：65]
[ info ] [ LANG ] D:\phpStudy\WWW\lvyou\thinkphp\lang\zh-cn.php
[ info ] [ ROUTE ] array (
  'type' => 'module',
  'module' => 
  array (
    0 => '',
    1 => NULL,
    2 => NULL,
  ),
)
[ info ] [ HEADER ] array (
  'cookie' => '_ga=GA1.2.2046992331.1503559220; PHPSESSID=girak17igf6gbg01kgfat2o8q4',
  'accept-language' => 'zh-CN,zh;q=0.8',
  'accept-encoding' => 'gzip, deflate',
  'accept' => 'text/html,application/xhtml+xml,application/xml;q=0.9,image/webp,image/apng,*/*;q=0.8',
  'user-agent' => 'Mozilla/5.0 (Windows NT 6.1; WOW64) AppleWebKit/537.36 (KHTML, like Gecko) Chrome/60.0.3112.113 Safari/537.36',
  'upgrade-insecure-requests' => '1',
  'connection' => 'close',
  'host' => 'lvyou.qunhuan.com',
)
[ info ] [ PARAM ] array (
)
[ info ] [ CACHE ] INIT File
[ info ] [ DB ] INIT mysql
[ info ] [ SESSION ] INIT array (
  'id' => '',
  'var_session_id' => '',
  'prefix' => 'think',
  'type' => '',
  'auto_start' => true,
)
[ info ] [ DB ] INIT mysql
[ info ] [ DB ] INIT mysql
[ info ] [ RUN ] app\home\controller\Index->index[ D:\phpStudy\WWW\lvyou\application\home\controller\Index.php ]
[ info ] [ VIEW ] ./themes/default/index\index.html [ array (
  0 => 'site_title',
  1 => 'seo_title',
  2 => 'seo_keyword',
  3 => 'seo_description',
  4 => 'site_copyright',
  5 => 'site_icp',
  6 => 'site_tongji',
  7 => 'nav',
  8 => 'slide',
  9 => 'user_name',
  10 => 'user_id',
  11 => 'ad',
  12 => 'news',
) ]
[ info ] [ LOG ] INIT File
[ sql ] [ DB ] CONNECT:[ UseTime:1.010058s ] mysql:dbname=lvyou;host=localhost;charset=utf8
[ sql ] [ SQL ] SHOW COLUMNS FROM `os_nav` [ RunTime:0.011001s ]
[ sql ] [ SQL ] SELECT * FROM `os_nav` WHERE  `status` = 1 ORDER BY `sort`  ASC [ RunTime:0.001000s ]
[ sql ] [ DB ] CONNECT:[ UseTime:1.011058s ] mysql:dbname=lvyou;host=localhost;charset=utf8
[ sql ] [ SQL ] SHOW COLUMNS FROM `os_slide` [ RunTime:0.010001s ]
[ sql ] [ SQL ] SELECT * FROM `os_slide` WHERE  `status` = 1 LIMIT 3 [ RunTime:0.000000s ]
[ sql ] [ DB ] CONNECT:[ UseTime:1.002057s ] mysql:dbname=lvyou;host=localhost;charset=utf8
[ sql ] [ SQL ] SELECT * FROM `os_slide` WHERE  `status` = 1  AND `cid` = 2 LIMIT 1 [ RunTime:0.000000s ]
[ sql ] [ SQL ] SHOW COLUMNS FROM `os_article` [ RunTime:0.011001s ]
[ sql ] [ SQL ] SELECT * FROM `os_article` WHERE  `status` = 1 LIMIT 7 [ RunTime:0.002000s ]

---------------------------------------------------------------
[ 2017-09-08T09:01:06+08:00 ] 127.0.0.1 127.0.0.1 GET /index.php/admin
[ log ] lvyou.qunhuan.com/index.php/admin [运行时间：0.021002s][吞吐率：47.61req/s] [内存消耗：1,742.40kb] [文件加载：54]
[ info ] [ LANG ] D:\phpStudy\WWW\lvyou\thinkphp\lang\zh-cn.php
[ info ] [ ROUTE ] array (
  'type' => 'module',
  'module' => 
  array (
    0 => 'admin',
    1 => NULL,
    2 => NULL,
  ),
)
[ info ] [ HEADER ] array (
  'cookie' => '_ga=GA1.2.2046992331.1503559220; PHPSESSID=girak17igf6gbg01kgfat2o8q4',
  'accept-language' => 'zh-CN,zh;q=0.8',
  'accept-encoding' => 'gzip, deflate',
  'accept' => 'text/html,application/xhtml+xml,application/xml;q=0.9,image/webp,image/apng,*/*;q=0.8',
  'user-agent' => 'Mozilla/5.0 (Windows NT 6.1; WOW64) AppleWebKit/537.36 (KHTML, like Gecko) Chrome/60.0.3112.113 Safari/537.36',
  'upgrade-insecure-requests' => '1',
  'connection' => 'close',
  'host' => 'lvyou.qunhuan.com',
)
[ info ] [ PARAM ] array (
)
[ info ] [ SESSION ] INIT array (
  'id' => '',
  'var_session_id' => '',
  'prefix' => 'think',
  'type' => '',
  'auto_start' => true,
)
[ info ] [ LOG ] INIT File

---------------------------------------------------------------
[ 2017-09-08T09:01:06+08:00 ] 127.0.0.1 127.0.0.1 GET /index.php/admin/login/index.html
[ log ] lvyou.qunhuan.com/index.php/admin/login/index.html [运行时间：0.020001s][吞吐率：50.00req/s] [内存消耗：1,709.76kb] [文件加载：52]
[ info ] [ LANG ] D:\phpStudy\WWW\lvyou\thinkphp\lang\zh-cn.php
[ info ] [ ROUTE ] array (
  'type' => 'module',
  'module' => 
  array (
    0 => 'admin',
    1 => 'login',
    2 => 'index',
  ),
)
[ info ] [ HEADER ] array (
  'cookie' => '_ga=GA1.2.2046992331.1503559220; PHPSESSID=girak17igf6gbg01kgfat2o8q4',
  'accept-language' => 'zh-CN,zh;q=0.8',
  'accept-encoding' => 'gzip, deflate',
  'accept' => 'text/html,application/xhtml+xml,application/xml;q=0.9,image/webp,image/apng,*/*;q=0.8',
  'user-agent' => 'Mozilla/5.0 (Windows NT 6.1; WOW64) AppleWebKit/537.36 (KHTML, like Gecko) Chrome/60.0.3112.113 Safari/537.36',
  'upgrade-insecure-requests' => '1',
  'connection' => 'close',
  'host' => 'lvyou.qunhuan.com',
)
[ info ] [ PARAM ] array (
)
[ info ] [ RUN ] app\admin\controller\Login->index[ D:\phpStudy\WWW\lvyou\application\admin\controller\Login.php ]
[ info ] [ VIEW ] ./themes/admin/login\index.html [ array (
) ]
[ info ] [ LOG ] INIT File

---------------------------------------------------------------
[ 2017-09-08T09:01:06+08:00 ] 127.0.0.1 127.0.0.1 GET /index.php/captcha.html
[ log ] lvyou.qunhuan.com/index.php/captcha.html [运行时间：0.030002s][吞吐率：33.33req/s] [内存消耗：1,437.59kb] [文件加载：44]
[ info ] [ LANG ] D:\phpStudy\WWW\lvyou\thinkphp\lang\zh-cn.php
[ info ] [ ROUTE ] array (
  'type' => 'method',
  'method' => 
  array (
    0 => '\\think\\captcha\\CaptchaController',
    1 => 'index',
  ),
  'var' => 
  array (
  ),
)
[ info ] [ HEADER ] array (
  'cookie' => '_ga=GA1.2.2046992331.1503559220; PHPSESSID=girak17igf6gbg01kgfat2o8q4',
  'accept-language' => 'zh-CN,zh;q=0.8',
  'accept-encoding' => 'gzip, deflate',
  'referer' => 'http://lvyou.qunhuan.com/index.php/admin/login/index.html',
  'accept' => 'image/webp,image/apng,image/*,*/*;q=0.8',
  'user-agent' => 'Mozilla/5.0 (Windows NT 6.1; WOW64) AppleWebKit/537.36 (KHTML, like Gecko) Chrome/60.0.3112.113 Safari/537.36',
  'connection' => 'close',
  'host' => 'lvyou.qunhuan.com',
)
[ info ] [ PARAM ] array (
  'id' => '',
)
[ info ] [ RUN ] think\captcha\CaptchaController->index[ D:\phpStudy\WWW\lvyou\vendor\topthink\think-captcha\src\CaptchaController.php ]
[ info ] [ SESSION ] INIT array (
  'id' => '',
  'var_session_id' => '',
  'prefix' => 'think',
  'type' => '',
  'auto_start' => true,
)
[ info ] [ LOG ] INIT File

---------------------------------------------------------------
[ 2017-09-08T09:07:08+08:00 ] 127.0.0.1 127.0.0.1 GET /
[ log ] lvyou.qunhuan.com/ [运行时间：3.115178s][吞吐率：0.32req/s] [内存消耗：2,922.48kb] [文件加载：65]
[ info ] [ LANG ] D:\phpStudy\WWW\lvyou\thinkphp\lang\zh-cn.php
[ info ] [ ROUTE ] array (
  'type' => 'module',
  'module' => 
  array (
    0 => '',
    1 => NULL,
    2 => NULL,
  ),
)
[ info ] [ HEADER ] array (
  'cookie' => '_ga=GA1.2.2046992331.1503559220; PHPSESSID=girak17igf6gbg01kgfat2o8q4',
  'accept-language' => 'zh-CN,zh;q=0.8',
  'accept-encoding' => 'gzip, deflate',
  'accept' => 'text/html,application/xhtml+xml,application/xml;q=0.9,image/webp,image/apng,*/*;q=0.8',
  'user-agent' => 'Mozilla/5.0 (Windows NT 6.1; WOW64) AppleWebKit/537.36 (KHTML, like Gecko) Chrome/60.0.3112.113 Safari/537.36',
  'upgrade-insecure-requests' => '1',
  'connection' => 'close',
  'host' => 'lvyou.qunhuan.com',
)
[ info ] [ PARAM ] array (
)
[ info ] [ CACHE ] INIT File
[ info ] [ DB ] INIT mysql
[ info ] [ SESSION ] INIT array (
  'id' => '',
  'var_session_id' => '',
  'prefix' => 'think',
  'type' => '',
  'auto_start' => true,
)
[ info ] [ DB ] INIT mysql
[ info ] [ DB ] INIT mysql
[ info ] [ RUN ] app\home\controller\Index->index[ D:\phpStudy\WWW\lvyou\application\home\controller\Index.php ]
[ info ] [ VIEW ] ./themes/default/index\index.html [ array (
  0 => 'site_title',
  1 => 'seo_title',
  2 => 'seo_keyword',
  3 => 'seo_description',
  4 => 'site_copyright',
  5 => 'site_icp',
  6 => 'site_tongji',
  7 => 'nav',
  8 => 'slide',
  9 => 'user_name',
  10 => 'user_id',
  11 => 'ad',
  12 => 'news',
) ]
[ info ] [ LOG ] INIT File
[ sql ] [ DB ] CONNECT:[ UseTime:1.014058s ] mysql:dbname=lvyou;host=localhost;charset=utf8
[ sql ] [ SQL ] SHOW COLUMNS FROM `os_nav` [ RunTime:0.010001s ]
[ sql ] [ SQL ] SELECT * FROM `os_nav` WHERE  `status` = 1 ORDER BY `sort`  ASC [ RunTime:0.001000s ]
[ sql ] [ DB ] CONNECT:[ UseTime:1.007058s ] mysql:dbname=lvyou;host=localhost;charset=utf8
[ sql ] [ SQL ] SHOW COLUMNS FROM `os_slide` [ RunTime:0.012000s ]
[ sql ] [ SQL ] SELECT * FROM `os_slide` WHERE  `status` = 1 LIMIT 3 [ RunTime:0.001000s ]
[ sql ] [ DB ] CONNECT:[ UseTime:1.012058s ] mysql:dbname=lvyou;host=localhost;charset=utf8
[ sql ] [ SQL ] SELECT * FROM `os_slide` WHERE  `status` = 1  AND `cid` = 2 LIMIT 1 [ RunTime:0.000000s ]
[ sql ] [ SQL ] SHOW COLUMNS FROM `os_article` [ RunTime:0.011000s ]
[ sql ] [ SQL ] SELECT * FROM `os_article` WHERE  `status` = 1 LIMIT 7 [ RunTime:0.002001s ]

---------------------------------------------------------------
[ 2017-09-08T09:07:23+08:00 ] 127.0.0.1 127.0.0.1 GET /index.php/home/guide/index.html
[ log ] lvyou.qunhuan.com/index.php/home/guide/index.html [运行时间：1.106063s][吞吐率：0.90req/s] [内存消耗：2,980.88kb] [文件加载：69]
[ info ] [ LANG ] D:\phpStudy\WWW\lvyou\thinkphp\lang\zh-cn.php
[ info ] [ ROUTE ] array (
  'type' => 'module',
  'module' => 
  array (
    0 => 'home',
    1 => 'guide',
    2 => 'index',
  ),
)
[ info ] [ HEADER ] array (
  'cookie' => '_ga=GA1.2.2046992331.1503559220; PHPSESSID=girak17igf6gbg01kgfat2o8q4',
  'accept-language' => 'zh-CN,zh;q=0.8',
  'accept-encoding' => 'gzip, deflate',
  'accept' => 'text/html,application/xhtml+xml,application/xml;q=0.9,image/webp,image/apng,*/*;q=0.8',
  'user-agent' => 'Mozilla/5.0 (Windows NT 6.1; WOW64) AppleWebKit/537.36 (KHTML, like Gecko) Chrome/60.0.3112.113 Safari/537.36',
  'upgrade-insecure-requests' => '1',
  'connection' => 'close',
  'host' => 'lvyou.qunhuan.com',
)
[ info ] [ PARAM ] array (
)
[ info ] [ CACHE ] INIT File
[ info ] [ DB ] INIT mysql
[ info ] [ SESSION ] INIT array (
  'id' => '',
  'var_session_id' => '',
  'prefix' => 'think',
  'type' => '',
  'auto_start' => true,
)
[ info ] [ RUN ] app\home\controller\Guide->index[ D:\phpStudy\WWW\lvyou\application\home\controller\Guide.php ]
[ info ] [ VIEW ] ./themes/default/guide\index.html [ array (
  0 => 'site_title',
  1 => 'seo_title',
  2 => 'seo_keyword',
  3 => 'seo_description',
  4 => 'site_copyright',
  5 => 'site_icp',
  6 => 'site_tongji',
  7 => 'nav',
  8 => 'slide',
  9 => 'user_name',
  10 => 'user_id',
  11 => 'citys',
  12 => 'count',
) ]
[ info ] [ LOG ] INIT File
[ sql ] [ DB ] CONNECT:[ UseTime:1.012058s ] mysql:dbname=lvyou;host=localhost;charset=utf8
[ sql ] [ SQL ] SHOW COLUMNS FROM `os_nav` [ RunTime:0.011001s ]
[ sql ] [ SQL ] SELECT * FROM `os_nav` WHERE  `status` = 1 ORDER BY `sort`  ASC [ RunTime:0.001000s ]
[ sql ] [ SQL ] SHOW COLUMNS FROM `os_city` [ RunTime:0.014001s ]
[ sql ] [ SQL ] SELECT * FROM `os_city` WHERE  `status` = 1  AND `cid` = 1 [ RunTime:0.001000s ]
[ sql ] [ SQL ] SHOW COLUMNS FROM `os_guide` [ RunTime:0.020002s ]
[ sql ] [ SQL ] SELECT COUNT(*) AS tp_count FROM `os_guide` LIMIT 1 [ RunTime:0.000000s ]

---------------------------------------------------------------
[ 2017-09-08T14:12:10+08:00 ] 127.0.0.1 127.0.0.1 GET /index.php/admin
[ log ] lvyou.qunhuan.com/index.php/admin [运行时间：0.027001s][吞吐率：37.04req/s] [内存消耗：1,742.62kb] [文件加载：54]
[ info ] [ LANG ] D:\phpStudy\WWW\lvyou\thinkphp\lang\zh-cn.php
[ info ] [ ROUTE ] array (
  'type' => 'module',
  'module' => 
  array (
    0 => 'admin',
    1 => NULL,
    2 => NULL,
  ),
)
[ info ] [ HEADER ] array (
  'cookie' => '_ga=GA1.2.2046992331.1503559220',
  'accept-language' => 'zh-CN,zh;q=0.8',
  'accept-encoding' => 'gzip, deflate',
  'accept' => 'text/html,application/xhtml+xml,application/xml;q=0.9,image/webp,image/apng,*/*;q=0.8',
  'user-agent' => 'Mozilla/5.0 (Windows NT 6.1; WOW64) AppleWebKit/537.36 (KHTML, like Gecko) Chrome/60.0.3112.113 Safari/537.36',
  'upgrade-insecure-requests' => '1',
  'connection' => 'close',
  'host' => 'lvyou.qunhuan.com',
)
[ info ] [ PARAM ] array (
)
[ info ] [ SESSION ] INIT array (
  'id' => '',
  'var_session_id' => '',
  'prefix' => 'think',
  'type' => '',
  'auto_start' => true,
)
[ info ] [ LOG ] INIT File

---------------------------------------------------------------
[ 2017-09-08T14:12:10+08:00 ] 127.0.0.1 127.0.0.1 GET /index.php/admin/login/index.html
[ log ] lvyou.qunhuan.com/index.php/admin/login/index.html [运行时间：0.019001s][吞吐率：52.63req/s] [内存消耗：1,709.86kb] [文件加载：52]
[ info ] [ LANG ] D:\phpStudy\WWW\lvyou\thinkphp\lang\zh-cn.php
[ info ] [ ROUTE ] array (
  'type' => 'module',
  'module' => 
  array (
    0 => 'admin',
    1 => 'login',
    2 => 'index',
  ),
)
[ info ] [ HEADER ] array (
  'cookie' => '_ga=GA1.2.2046992331.1503559220; PHPSESSID=fsig9cvd61tl2am45bnpn2mh74',
  'accept-language' => 'zh-CN,zh;q=0.8',
  'accept-encoding' => 'gzip, deflate',
  'accept' => 'text/html,application/xhtml+xml,application/xml;q=0.9,image/webp,image/apng,*/*;q=0.8',
  'user-agent' => 'Mozilla/5.0 (Windows NT 6.1; WOW64) AppleWebKit/537.36 (KHTML, like Gecko) Chrome/60.0.3112.113 Safari/537.36',
  'upgrade-insecure-requests' => '1',
  'connection' => 'close',
  'host' => 'lvyou.qunhuan.com',
)
[ info ] [ PARAM ] array (
)
[ info ] [ RUN ] app\admin\controller\Login->index[ D:\phpStudy\WWW\lvyou\application\admin\controller\Login.php ]
[ info ] [ VIEW ] ./themes/admin/login\index.html [ array (
) ]
[ info ] [ LOG ] INIT File

---------------------------------------------------------------
[ 2017-09-08T14:12:10+08:00 ] 127.0.0.1 127.0.0.1 GET /index.php/captcha.html
[ log ] lvyou.qunhuan.com/index.php/captcha.html [运行时间：0.035002s][吞吐率：28.57req/s] [内存消耗：1,437.66kb] [文件加载：44]
[ info ] [ LANG ] D:\phpStudy\WWW\lvyou\thinkphp\lang\zh-cn.php
[ info ] [ ROUTE ] array (
  'type' => 'method',
  'method' => 
  array (
    0 => '\\think\\captcha\\CaptchaController',
    1 => 'index',
  ),
  'var' => 
  array (
  ),
)
[ info ] [ HEADER ] array (
  'cookie' => '_ga=GA1.2.2046992331.1503559220; PHPSESSID=fsig9cvd61tl2am45bnpn2mh74',
  'accept-language' => 'zh-CN,zh;q=0.8',
  'accept-encoding' => 'gzip, deflate',
  'referer' => 'http://lvyou.qunhuan.com/index.php/admin/login/index.html',
  'accept' => 'image/webp,image/apng,image/*,*/*;q=0.8',
  'user-agent' => 'Mozilla/5.0 (Windows NT 6.1; WOW64) AppleWebKit/537.36 (KHTML, like Gecko) Chrome/60.0.3112.113 Safari/537.36',
  'connection' => 'close',
  'host' => 'lvyou.qunhuan.com',
)
[ info ] [ PARAM ] array (
  'id' => '',
)
[ info ] [ RUN ] think\captcha\CaptchaController->index[ D:\phpStudy\WWW\lvyou\vendor\topthink\think-captcha\src\CaptchaController.php ]
[ info ] [ SESSION ] INIT array (
  'id' => '',
  'var_session_id' => '',
  'prefix' => 'think',
  'type' => '',
  'auto_start' => true,
)
[ info ] [ LOG ] INIT File

---------------------------------------------------------------
[ 2017-09-08T14:12:20+08:00 ] 127.0.0.1 127.0.0.1 POST /index.php/admin/login/login.html
[ log ] lvyou.qunhuan.com/index.php/admin/login/login.html [运行时间：1.055060s][吞吐率：0.95req/s] [内存消耗：2,559.71kb] [文件加载：65]
[ info ] [ LANG ] D:\phpStudy\WWW\lvyou\thinkphp\lang\zh-cn.php
[ info ] [ ROUTE ] array (
  'type' => 'module',
  'module' => 
  array (
    0 => 'admin',
    1 => 'login',
    2 => 'login',
  ),
)
[ info ] [ HEADER ] array (
  'cookie' => '_ga=GA1.2.2046992331.1503559220; PHPSESSID=fsig9cvd61tl2am45bnpn2mh74',
  'accept-language' => 'zh-CN,zh;q=0.8',
  'accept-encoding' => 'gzip, deflate',
  'referer' => 'http://lvyou.qunhuan.com/index.php/admin/login/index.html',
  'content-type' => 'application/x-www-form-urlencoded; charset=UTF-8',
  'user-agent' => 'Mozilla/5.0 (Windows NT 6.1; WOW64) AppleWebKit/537.36 (KHTML, like Gecko) Chrome/60.0.3112.113 Safari/537.36',
  'x-requested-with' => 'XMLHttpRequest',
  'origin' => 'http://lvyou.qunhuan.com',
  'accept' => 'application/json, text/javascript, */*; q=0.01',
  'content-length' => '41',
  'connection' => 'close',
  'host' => 'lvyou.qunhuan.com',
)
[ info ] [ PARAM ] array (
  'username' => 'admin',
  'password' => 'admin',
  'verify' => 'i8aa',
)
[ info ] [ RUN ] app\admin\controller\Login->login[ D:\phpStudy\WWW\lvyou\application\admin\controller\Login.php ]
[ info ] [ SESSION ] INIT array (
  'id' => '',
  'var_session_id' => '',
  'prefix' => 'think',
  'type' => '',
  'auto_start' => true,
)
[ info ] [ DB ] INIT mysql
[ info ] [ CACHE ] INIT File
[ info ] [ LOG ] INIT File
[ sql ] [ DB ] CONNECT:[ UseTime:1.005058s ] mysql:dbname=lvyou;host=localhost;charset=utf8
[ sql ] [ SQL ] SHOW COLUMNS FROM `os_admin_user` [ RunTime:0.012000s ]
[ sql ] [ SQL ] SELECT `id`,`username`,`status` FROM `os_admin_user` WHERE  `username` = 'admin'  AND `password` = '0dfc7612f607db6c17fd99388e9e5f9c' LIMIT 1 [ RunTime:0.000000s ]
[ sql ] [ SQL ] UPDATE `os_admin_user`  SET `last_login_time`='2017-09-08 14:12:20',`last_login_ip`='127.0.0.1'  WHERE  `id` = 1 [ RunTime:0.001000s ]

---------------------------------------------------------------
[ 2017-09-08T14:12:22+08:00 ] 127.0.0.1 127.0.0.1 GET /index.php/admin/index/index.html
[ log ] lvyou.qunhuan.com/index.php/admin/index/index.html [运行时间：1.107063s][吞吐率：0.90req/s] [内存消耗：2,522.67kb] [文件加载：61]
[ info ] [ LANG ] D:\phpStudy\WWW\lvyou\thinkphp\lang\zh-cn.php
[ info ] [ ROUTE ] array (
  'type' => 'module',
  'module' => 
  array (
    0 => 'admin',
    1 => 'index',
    2 => 'index',
  ),
)
[ info ] [ HEADER ] array (
  'cookie' => '_ga=GA1.2.2046992331.1503559220; PHPSESSID=fsig9cvd61tl2am45bnpn2mh74',
  'accept-language' => 'zh-CN,zh;q=0.8',
  'accept-encoding' => 'gzip, deflate',
  'referer' => 'http://lvyou.qunhuan.com/index.php/admin/login/index.html',
  'accept' => 'text/html,application/xhtml+xml,application/xml;q=0.9,image/webp,image/apng,*/*;q=0.8',
  'user-agent' => 'Mozilla/5.0 (Windows NT 6.1; WOW64) AppleWebKit/537.36 (KHTML, like Gecko) Chrome/60.0.3112.113 Safari/537.36',
  'upgrade-insecure-requests' => '1',
  'connection' => 'close',
  'host' => 'lvyou.qunhuan.com',
)
[ info ] [ PARAM ] array (
)
[ info ] [ SESSION ] INIT array (
  'id' => '',
  'var_session_id' => '',
  'prefix' => 'think',
  'type' => '',
  'auto_start' => true,
)
[ info ] [ DB ] INIT mysql
[ info ] [ RUN ] app\admin\controller\Index->index[ D:\phpStudy\WWW\lvyou\application\admin\controller\Index.php ]
[ info ] [ VIEW ] ./themes/admin/index\index.html [ array (
  0 => 'menu',
  1 => 'admin_id',
  2 => 'controller',
  3 => 'config',
) ]
[ info ] [ LOG ] INIT File
[ sql ] [ DB ] CONNECT:[ UseTime:1.020059s ] mysql:dbname=lvyou;host=localhost;charset=utf8
[ sql ] [ SQL ] SHOW COLUMNS FROM `os_auth_rule` [ RunTime:0.012000s ]
[ sql ] [ SQL ] SELECT * FROM `os_auth_rule` WHERE  `status` = 1 ORDER BY `sort`  DESC,`id`  ASC [ RunTime:0.000000s ]
[ sql ] [ SQL ] SHOW COLUMNS FROM `os_auth_group_access` [ RunTime:0.010001s ]
[ sql ] [ SQL ] SELECT `AuthGroupAccess`.`uid`,`AuthGroupAccess`.`group_id`,`AuthGroup`.`title`,`AuthGroup`.`rules` FROM `os_auth_group_access` `AuthGroupAccess` LEFT JOIN `os_auth_group` `AuthGroup` ON `AuthGroupAccess`.`group_id`=`AuthGroup`.`id` WHERE  (  AuthGroupAccess.uid='1' and AuthGroup.status='1' ) [ RunTime:0.001000s ]
[ sql ] [ SQL ] SELECT `condition`,`name` FROM `os_auth_rule` WHERE  `id` IN (1,2,3,73,74,5,6,7,8,9,10,11,12,39,40,41,42,43,14,13,20,21,22,23,24,15,25,26,27,28,29,30,16,17,44,45,46,47,48,18,49,50,51,52,53,19,31,32,33,34,35,36,37,54,55,58,59,60,61,62,56,63,64,65,66,67,57,68,69,70,71,72)  AND `type` = 1 [ RunTime:0.002000s ]
[ sql ] [ SQL ] SELECT VERSION() AS ver [ RunTime:0.000000s ]

---------------------------------------------------------------
[ 2017-09-08T14:12:25+08:00 ] 127.0.0.1 127.0.0.1 GET /index.php/admin/gifts/index.html
[ log ] lvyou.qunhuan.com/index.php/admin/gifts/index.html [运行时间：0.020001s][吞吐率：50.00req/s] [内存消耗：1,413.43kb] [文件加载：46]
[ info ] [ LANG ] D:\phpStudy\WWW\lvyou\thinkphp\lang\zh-cn.php
[ info ] [ ROUTE ] array (
  'type' => 'module',
  'module' => 
  array (
    0 => 'admin',
    1 => 'gifts',
    2 => 'index',
  ),
)
[ info ] [ HEADER ] array (
  'cookie' => '_ga=GA1.2.2046992331.1503559220; PHPSESSID=fsig9cvd61tl2am45bnpn2mh74',
  'accept-language' => 'zh-CN,zh;q=0.8',
  'accept-encoding' => 'gzip, deflate',
  'referer' => 'http://lvyou.qunhuan.com/index.php/admin/index/index.html',
  'accept' => 'text/html,application/xhtml+xml,application/xml;q=0.9,image/webp,image/apng,*/*;q=0.8',
  'user-agent' => 'Mozilla/5.0 (Windows NT 6.1; WOW64) AppleWebKit/537.36 (KHTML, like Gecko) Chrome/60.0.3112.113 Safari/537.36',
  'upgrade-insecure-requests' => '1',
  'connection' => 'close',
  'host' => 'lvyou.qunhuan.com',
)
[ info ] [ PARAM ] array (
)
[ info ] [ LOG ] INIT File

---------------------------------------------------------------
[ 2017-09-08T14:12:29+08:00 ] 127.0.0.1 127.0.0.1 GET /index.php/admin/index/index.html
[ log ] lvyou.qunhuan.com/index.php/admin/index/index.html [运行时间：1.098063s][吞吐率：0.91req/s] [内存消耗：2,522.67kb] [文件加载：61]
[ info ] [ LANG ] D:\phpStudy\WWW\lvyou\thinkphp\lang\zh-cn.php
[ info ] [ ROUTE ] array (
  'type' => 'module',
  'module' => 
  array (
    0 => 'admin',
    1 => 'index',
    2 => 'index',
  ),
)
[ info ] [ HEADER ] array (
  'cookie' => '_ga=GA1.2.2046992331.1503559220; PHPSESSID=fsig9cvd61tl2am45bnpn2mh74',
  'accept-language' => 'zh-CN,zh;q=0.8',
  'accept-encoding' => 'gzip, deflate',
  'referer' => 'http://lvyou.qunhuan.com/index.php/admin/login/index.html',
  'accept' => 'text/html,application/xhtml+xml,application/xml;q=0.9,image/webp,image/apng,*/*;q=0.8',
  'user-agent' => 'Mozilla/5.0 (Windows NT 6.1; WOW64) AppleWebKit/537.36 (KHTML, like Gecko) Chrome/60.0.3112.113 Safari/537.36',
  'upgrade-insecure-requests' => '1',
  'connection' => 'close',
  'host' => 'lvyou.qunhuan.com',
)
[ info ] [ PARAM ] array (
)
[ info ] [ SESSION ] INIT array (
  'id' => '',
  'var_session_id' => '',
  'prefix' => 'think',
  'type' => '',
  'auto_start' => true,
)
[ info ] [ DB ] INIT mysql
[ info ] [ RUN ] app\admin\controller\Index->index[ D:\phpStudy\WWW\lvyou\application\admin\controller\Index.php ]
[ info ] [ VIEW ] ./themes/admin/index\index.html [ array (
  0 => 'menu',
  1 => 'admin_id',
  2 => 'controller',
  3 => 'config',
) ]
[ info ] [ LOG ] INIT File
[ sql ] [ DB ] CONNECT:[ UseTime:1.013058s ] mysql:dbname=lvyou;host=localhost;charset=utf8
[ sql ] [ SQL ] SHOW COLUMNS FROM `os_auth_rule` [ RunTime:0.008000s ]
[ sql ] [ SQL ] SELECT * FROM `os_auth_rule` WHERE  `status` = 1 ORDER BY `sort`  DESC,`id`  ASC [ RunTime:0.001000s ]
[ sql ] [ SQL ] SHOW COLUMNS FROM `os_auth_group_access` [ RunTime:0.009001s ]
[ sql ] [ SQL ] SELECT `AuthGroupAccess`.`uid`,`AuthGroupAccess`.`group_id`,`AuthGroup`.`title`,`AuthGroup`.`rules` FROM `os_auth_group_access` `AuthGroupAccess` LEFT JOIN `os_auth_group` `AuthGroup` ON `AuthGroupAccess`.`group_id`=`AuthGroup`.`id` WHERE  (  AuthGroupAccess.uid='1' and AuthGroup.status='1' ) [ RunTime:0.001000s ]
[ sql ] [ SQL ] SELECT `condition`,`name` FROM `os_auth_rule` WHERE  `id` IN (1,2,3,73,74,5,6,7,8,9,10,11,12,39,40,41,42,43,14,13,20,21,22,23,24,15,25,26,27,28,29,30,16,17,44,45,46,47,48,18,49,50,51,52,53,19,31,32,33,34,35,36,37,54,55,58,59,60,61,62,56,63,64,65,66,67,57,68,69,70,71,72)  AND `type` = 1 [ RunTime:0.001000s ]
[ sql ] [ SQL ] SELECT VERSION() AS ver [ RunTime:0.001000s ]

---------------------------------------------------------------
[ 2017-09-08T14:12:33+08:00 ] 127.0.0.1 127.0.0.1 GET /index.php/admin/index/index.html
[ log ] lvyou.qunhuan.com/index.php/admin/index/index.html [运行时间：1.115063s][吞吐率：0.90req/s] [内存消耗：2,522.67kb] [文件加载：61]
[ info ] [ LANG ] D:\phpStudy\WWW\lvyou\thinkphp\lang\zh-cn.php
[ info ] [ ROUTE ] array (
  'type' => 'module',
  'module' => 
  array (
    0 => 'admin',
    1 => 'index',
    2 => 'index',
  ),
)
[ info ] [ HEADER ] array (
  'cookie' => '_ga=GA1.2.2046992331.1503559220; PHPSESSID=fsig9cvd61tl2am45bnpn2mh74',
  'accept-language' => 'zh-CN,zh;q=0.8',
  'accept-encoding' => 'gzip, deflate',
  'referer' => 'http://lvyou.qunhuan.com/index.php/admin/index/index.html',
  'accept' => 'text/html,application/xhtml+xml,application/xml;q=0.9,image/webp,image/apng,*/*;q=0.8',
  'user-agent' => 'Mozilla/5.0 (Windows NT 6.1; WOW64) AppleWebKit/537.36 (KHTML, like Gecko) Chrome/60.0.3112.113 Safari/537.36',
  'upgrade-insecure-requests' => '1',
  'connection' => 'close',
  'host' => 'lvyou.qunhuan.com',
)
[ info ] [ PARAM ] array (
)
[ info ] [ SESSION ] INIT array (
  'id' => '',
  'var_session_id' => '',
  'prefix' => 'think',
  'type' => '',
  'auto_start' => true,
)
[ info ] [ DB ] INIT mysql
[ info ] [ RUN ] app\admin\controller\Index->index[ D:\phpStudy\WWW\lvyou\application\admin\controller\Index.php ]
[ info ] [ VIEW ] ./themes/admin/index\index.html [ array (
  0 => 'menu',
  1 => 'admin_id',
  2 => 'controller',
  3 => 'config',
) ]
[ info ] [ LOG ] INIT File
[ sql ] [ DB ] CONNECT:[ UseTime:1.022058s ] mysql:dbname=lvyou;host=localhost;charset=utf8
[ sql ] [ SQL ] SHOW COLUMNS FROM `os_auth_rule` [ RunTime:0.011001s ]
[ sql ] [ SQL ] SELECT * FROM `os_auth_rule` WHERE  `status` = 1 ORDER BY `sort`  DESC,`id`  ASC [ RunTime:0.001000s ]
[ sql ] [ SQL ] SHOW COLUMNS FROM `os_auth_group_access` [ RunTime:0.011000s ]
[ sql ] [ SQL ] SELECT `AuthGroupAccess`.`uid`,`AuthGroupAccess`.`group_id`,`AuthGroup`.`title`,`AuthGroup`.`rules` FROM `os_auth_group_access` `AuthGroupAccess` LEFT JOIN `os_auth_group` `AuthGroup` ON `AuthGroupAccess`.`group_id`=`AuthGroup`.`id` WHERE  (  AuthGroupAccess.uid='1' and AuthGroup.status='1' ) [ RunTime:0.001001s ]
[ sql ] [ SQL ] SELECT `condition`,`name` FROM `os_auth_rule` WHERE  `id` IN (1,2,3,73,74,5,6,7,8,9,10,11,12,39,40,41,42,43,14,13,20,21,22,23,24,15,25,26,27,28,29,30,16,17,44,45,46,47,48,18,49,50,51,52,53,19,31,32,33,34,35,36,37,54,55,58,59,60,61,62,56,63,64,65,66,67,57,68,69,70,71,72)  AND `type` = 1 [ RunTime:0.001000s ]
[ sql ] [ SQL ] SELECT VERSION() AS ver [ RunTime:0.000000s ]

---------------------------------------------------------------
[ 2017-09-08T14:12:34+08:00 ] 127.0.0.1 127.0.0.1 GET /index.php/admin/gifts/index.html
[ log ] lvyou.qunhuan.com/index.php/admin/gifts/index.html [运行时间：0.021001s][吞吐率：47.62req/s] [内存消耗：1,413.43kb] [文件加载：46]
[ info ] [ LANG ] D:\phpStudy\WWW\lvyou\thinkphp\lang\zh-cn.php
[ info ] [ ROUTE ] array (
  'type' => 'module',
  'module' => 
  array (
    0 => 'admin',
    1 => 'gifts',
    2 => 'index',
  ),
)
[ info ] [ HEADER ] array (
  'cookie' => '_ga=GA1.2.2046992331.1503559220; PHPSESSID=fsig9cvd61tl2am45bnpn2mh74',
  'accept-language' => 'zh-CN,zh;q=0.8',
  'accept-encoding' => 'gzip, deflate',
  'referer' => 'http://lvyou.qunhuan.com/index.php/admin/index/index.html',
  'accept' => 'text/html,application/xhtml+xml,application/xml;q=0.9,image/webp,image/apng,*/*;q=0.8',
  'user-agent' => 'Mozilla/5.0 (Windows NT 6.1; WOW64) AppleWebKit/537.36 (KHTML, like Gecko) Chrome/60.0.3112.113 Safari/537.36',
  'upgrade-insecure-requests' => '1',
  'connection' => 'close',
  'host' => 'lvyou.qunhuan.com',
)
[ info ] [ PARAM ] array (
)
[ info ] [ LOG ] INIT File

---------------------------------------------------------------
[ 2017-09-08T14:12:37+08:00 ] 127.0.0.1 127.0.0.1 GET /index.php/admin/index/index.html
[ log ] lvyou.qunhuan.com/index.php/admin/index/index.html [运行时间：1.092062s][吞吐率：0.92req/s] [内存消耗：2,522.67kb] [文件加载：61]
[ info ] [ LANG ] D:\phpStudy\WWW\lvyou\thinkphp\lang\zh-cn.php
[ info ] [ ROUTE ] array (
  'type' => 'module',
  'module' => 
  array (
    0 => 'admin',
    1 => 'index',
    2 => 'index',
  ),
)
[ info ] [ HEADER ] array (
  'cookie' => '_ga=GA1.2.2046992331.1503559220; PHPSESSID=fsig9cvd61tl2am45bnpn2mh74',
  'accept-language' => 'zh-CN,zh;q=0.8',
  'accept-encoding' => 'gzip, deflate',
  'referer' => 'http://lvyou.qunhuan.com/index.php/admin/index/index.html',
  'accept' => 'text/html,application/xhtml+xml,application/xml;q=0.9,image/webp,image/apng,*/*;q=0.8',
  'user-agent' => 'Mozilla/5.0 (Windows NT 6.1; WOW64) AppleWebKit/537.36 (KHTML, like Gecko) Chrome/60.0.3112.113 Safari/537.36',
  'upgrade-insecure-requests' => '1',
  'connection' => 'close',
  'host' => 'lvyou.qunhuan.com',
)
[ info ] [ PARAM ] array (
)
[ info ] [ SESSION ] INIT array (
  'id' => '',
  'var_session_id' => '',
  'prefix' => 'think',
  'type' => '',
  'auto_start' => true,
)
[ info ] [ DB ] INIT mysql
[ info ] [ RUN ] app\admin\controller\Index->index[ D:\phpStudy\WWW\lvyou\application\admin\controller\Index.php ]
[ info ] [ VIEW ] ./themes/admin/index\index.html [ array (
  0 => 'menu',
  1 => 'admin_id',
  2 => 'controller',
  3 => 'config',
) ]
[ info ] [ LOG ] INIT File
[ sql ] [ DB ] CONNECT:[ UseTime:0.998058s ] mysql:dbname=lvyou;host=localhost;charset=utf8
[ sql ] [ SQL ] SHOW COLUMNS FROM `os_auth_rule` [ RunTime:0.013000s ]
[ sql ] [ SQL ] SELECT * FROM `os_auth_rule` WHERE  `status` = 1 ORDER BY `sort`  DESC,`id`  ASC [ RunTime:0.001000s ]
[ sql ] [ SQL ] SHOW COLUMNS FROM `os_auth_group_access` [ RunTime:0.011001s ]
[ sql ] [ SQL ] SELECT `AuthGroupAccess`.`uid`,`AuthGroupAccess`.`group_id`,`AuthGroup`.`title`,`AuthGroup`.`rules` FROM `os_auth_group_access` `AuthGroupAccess` LEFT JOIN `os_auth_group` `AuthGroup` ON `AuthGroupAccess`.`group_id`=`AuthGroup`.`id` WHERE  (  AuthGroupAccess.uid='1' and AuthGroup.status='1' ) [ RunTime:0.002000s ]
[ sql ] [ SQL ] SELECT `condition`,`name` FROM `os_auth_rule` WHERE  `id` IN (1,2,3,73,74,5,6,7,8,9,10,11,12,39,40,41,42,43,14,13,20,21,22,23,24,15,25,26,27,28,29,30,16,17,44,45,46,47,48,18,49,50,51,52,53,19,31,32,33,34,35,36,37,54,55,58,59,60,61,62,56,63,64,65,66,67,57,68,69,70,71,72)  AND `type` = 1 [ RunTime:0.001000s ]
[ sql ] [ SQL ] SELECT VERSION() AS ver [ RunTime:0.001000s ]

---------------------------------------------------------------
[ 2017-09-08T14:12:45+08:00 ] 127.0.0.1 127.0.0.1 GET /index.php/admin/cate/index.html
[ log ] lvyou.qunhuan.com/index.php/admin/cate/index.html [运行时间：6.207355s][吞吐率：0.16req/s] [内存消耗：2,876.62kb] [文件加载：63]
[ info ] [ LANG ] D:\phpStudy\WWW\lvyou\thinkphp\lang\zh-cn.php
[ info ] [ ROUTE ] array (
  'type' => 'module',
  'module' => 
  array (
    0 => 'admin',
    1 => 'cate',
    2 => 'index',
  ),
)
[ info ] [ HEADER ] array (
  'cookie' => '_ga=GA1.2.2046992331.1503559220; PHPSESSID=fsig9cvd61tl2am45bnpn2mh74',
  'accept-language' => 'zh-CN,zh;q=0.8',
  'accept-encoding' => 'gzip, deflate',
  'referer' => 'http://lvyou.qunhuan.com/index.php/admin/index/index.html',
  'accept' => 'text/html,application/xhtml+xml,application/xml;q=0.9,image/webp,image/apng,*/*;q=0.8',
  'user-agent' => 'Mozilla/5.0 (Windows NT 6.1; WOW64) AppleWebKit/537.36 (KHTML, like Gecko) Chrome/60.0.3112.113 Safari/537.36',
  'upgrade-insecure-requests' => '1',
  'connection' => 'close',
  'host' => 'lvyou.qunhuan.com',
)
[ info ] [ PARAM ] array (
)
[ info ] [ SESSION ] INIT array (
  'id' => '',
  'var_session_id' => '',
  'prefix' => 'think',
  'type' => '',
  'auto_start' => true,
)
[ info ] [ DB ] INIT mysql
[ info ] [ RUN ] app\admin\controller\Cate->index[ D:\phpStudy\WWW\lvyou\application\admin\controller\Cate.php ]
[ info ] [ VIEW ] ./themes/admin/cate\index.html [ array (
  0 => 'menu',
  1 => 'admin_id',
  2 => 'controller',
  3 => 'cate_list',
) ]
[ info ] [ DB ] INIT mysql
[ info ] [ DB ] INIT mysql
[ info ] [ DB ] INIT mysql
[ info ] [ DB ] INIT mysql
[ info ] [ DB ] INIT mysql
[ info ] [ LOG ] INIT File
[ sql ] [ DB ] CONNECT:[ UseTime:1.002057s ] mysql:dbname=lvyou;host=localhost;charset=utf8
[ sql ] [ SQL ] SHOW COLUMNS FROM `os_auth_group_access` [ RunTime:0.009001s ]
[ sql ] [ SQL ] SELECT `AuthGroupAccess`.`uid`,`AuthGroupAccess`.`group_id`,`AuthGroup`.`title`,`AuthGroup`.`rules` FROM `os_auth_group_access` `AuthGroupAccess` LEFT JOIN `os_auth_group` `AuthGroup` ON `AuthGroupAccess`.`group_id`=`AuthGroup`.`id` WHERE  (  AuthGroupAccess.uid='1' and AuthGroup.status='1' ) [ RunTime:0.000000s ]
[ sql ] [ SQL ] SHOW COLUMNS FROM `os_auth_rule` [ RunTime:0.011000s ]
[ sql ] [ SQL ] SELECT `condition`,`name` FROM `os_auth_rule` WHERE  `id` IN (1,2,3,73,74,5,6,7,8,9,10,11,12,39,40,41,42,43,14,13,20,21,22,23,24,15,25,26,27,28,29,30,16,17,44,45,46,47,48,18,49,50,51,52,53,19,31,32,33,34,35,36,37,54,55,58,59,60,61,62,56,63,64,65,66,67,57,68,69,70,71,72)  AND `type` = 1 [ RunTime:0.002001s ]
[ sql ] [ SQL ] SELECT * FROM `os_auth_rule` WHERE  `status` = 1 ORDER BY `sort`  DESC,`id`  ASC [ RunTime:0.001000s ]
[ sql ] [ SQL ] SHOW COLUMNS FROM `os_cate` [ RunTime:0.012001s ]
[ sql ] [ SQL ] SELECT * FROM `os_cate` [ RunTime:0.000000s ]
[ sql ] [ DB ] CONNECT:[ UseTime:1.017058s ] mysql:dbname=lvyou;host=localhost;charset=utf8
[ sql ] [ SQL ] SHOW COLUMNS FROM `os_model` [ RunTime:0.013001s ]
[ sql ] [ SQL ] SELECT * FROM `os_model` WHERE  `id` = 1 LIMIT 1 [ RunTime:0.001000s ]
[ sql ] [ DB ] CONNECT:[ UseTime:1.011058s ] mysql:dbname=lvyou;host=localhost;charset=utf8
[ sql ] [ SQL ] SELECT * FROM `os_model` WHERE  `id` = 1 LIMIT 1 [ RunTime:0.001000s ]
[ sql ] [ DB ] CONNECT:[ UseTime:1.018059s ] mysql:dbname=lvyou;host=localhost;charset=utf8
[ sql ] [ SQL ] SELECT * FROM `os_model` WHERE  `id` = 1 LIMIT 1 [ RunTime:0.000000s ]
[ sql ] [ DB ] CONNECT:[ UseTime:1.014058s ] mysql:dbname=lvyou;host=localhost;charset=utf8
[ sql ] [ SQL ] SELECT * FROM `os_model` WHERE  `id` = 2 LIMIT 1 [ RunTime:0.001000s ]
[ sql ] [ DB ] CONNECT:[ UseTime:1.021058s ] mysql:dbname=lvyou;host=localhost;charset=utf8
[ sql ] [ SQL ] SELECT * FROM `os_model` WHERE  `id` = 1 LIMIT 1 [ RunTime:0.001000s ]

---------------------------------------------------------------
[ 2017-09-08T14:12:51+08:00 ] 127.0.0.1 127.0.0.1 GET /index.php/admin/cate/index.html
[ log ] lvyou.qunhuan.com/index.php/admin/cate/index.html [运行时间：9.434540s][吞吐率：0.11req/s] [内存消耗：2,876.66kb] [文件加载：63]
[ info ] [ LANG ] D:\phpStudy\WWW\lvyou\thinkphp\lang\zh-cn.php
[ info ] [ ROUTE ] array (
  'type' => 'module',
  'module' => 
  array (
    0 => 'admin',
    1 => 'cate',
    2 => 'index',
  ),
)
[ info ] [ HEADER ] array (
  'cookie' => '_ga=GA1.2.2046992331.1503559220; PHPSESSID=fsig9cvd61tl2am45bnpn2mh74',
  'accept-language' => 'zh-CN,zh;q=0.8',
  'accept-encoding' => 'gzip, deflate',
  'referer' => 'http://lvyou.qunhuan.com/index.php/admin/index/index.html',
  'accept' => 'text/html,application/xhtml+xml,application/xml;q=0.9,image/webp,image/apng,*/*;q=0.8',
  'user-agent' => 'Mozilla/5.0 (Windows NT 6.1; WOW64) AppleWebKit/537.36 (KHTML, like Gecko) Chrome/60.0.3112.113 Safari/537.36',
  'upgrade-insecure-requests' => '1',
  'connection' => 'close',
  'host' => 'lvyou.qunhuan.com',
)
[ info ] [ PARAM ] array (
)
[ info ] [ SESSION ] INIT array (
  'id' => '',
  'var_session_id' => '',
  'prefix' => 'think',
  'type' => '',
  'auto_start' => true,
)
[ info ] [ DB ] INIT mysql
[ info ] [ RUN ] app\admin\controller\Cate->index[ D:\phpStudy\WWW\lvyou\application\admin\controller\Cate.php ]
[ info ] [ VIEW ] ./themes/admin/cate\index.html [ array (
  0 => 'menu',
  1 => 'admin_id',
  2 => 'controller',
  3 => 'cate_list',
) ]
[ info ] [ DB ] INIT mysql
[ info ] [ DB ] INIT mysql
[ info ] [ DB ] INIT mysql
[ info ] [ DB ] INIT mysql
[ info ] [ DB ] INIT mysql
[ info ] [ LOG ] INIT File
[ sql ] [ DB ] CONNECT:[ UseTime:1.024059s ] mysql:dbname=lvyou;host=localhost;charset=utf8
[ sql ] [ SQL ] SHOW COLUMNS FROM `os_auth_group_access` [ RunTime:0.010001s ]
[ sql ] [ SQL ] SELECT `AuthGroupAccess`.`uid`,`AuthGroupAccess`.`group_id`,`AuthGroup`.`title`,`AuthGroup`.`rules` FROM `os_auth_group_access` `AuthGroupAccess` LEFT JOIN `os_auth_group` `AuthGroup` ON `AuthGroupAccess`.`group_id`=`AuthGroup`.`id` WHERE  (  AuthGroupAccess.uid='1' and AuthGroup.status='1' ) [ RunTime:0.001000s ]
[ sql ] [ SQL ] SHOW COLUMNS FROM `os_auth_rule` [ RunTime:0.010000s ]
[ sql ] [ SQL ] SELECT `condition`,`name` FROM `os_auth_rule` WHERE  `id` IN (1,2,3,73,74,5,6,7,8,9,10,11,12,39,40,41,42,43,14,13,20,21,22,23,24,15,25,26,27,28,29,30,16,17,44,45,46,47,48,18,49,50,51,52,53,19,31,32,33,34,35,36,37,54,55,58,59,60,61,62,56,63,64,65,66,67,57,68,69,70,71,72)  AND `type` = 1 [ RunTime:0.001000s ]
[ sql ] [ SQL ] SELECT * FROM `os_auth_rule` WHERE  `status` = 1 ORDER BY `sort`  DESC,`id`  ASC [ RunTime:0.001000s ]
[ sql ] [ SQL ] SHOW COLUMNS FROM `os_cate` [ RunTime:0.011001s ]
[ sql ] [ SQL ] SELECT * FROM `os_cate` [ RunTime:0.000000s ]
[ sql ] [ DB ] CONNECT:[ UseTime:0.999057s ] mysql:dbname=lvyou;host=localhost;charset=utf8
[ sql ] [ SQL ] SHOW COLUMNS FROM `os_model` [ RunTime:0.009001s ]
[ sql ] [ SQL ] SELECT * FROM `os_model` WHERE  `id` = 1 LIMIT 1 [ RunTime:0.001000s ]
[ sql ] [ DB ] CONNECT:[ UseTime:1.011058s ] mysql:dbname=lvyou;host=localhost;charset=utf8
[ sql ] [ SQL ] SELECT * FROM `os_model` WHERE  `id` = 1 LIMIT 1 [ RunTime:0.001000s ]
[ sql ] [ DB ] CONNECT:[ UseTime:1.010058s ] mysql:dbname=lvyou;host=localhost;charset=utf8
[ sql ] [ SQL ] SELECT * FROM `os_model` WHERE  `id` = 1 LIMIT 1 [ RunTime:0.001000s ]
[ sql ] [ DB ] CONNECT:[ UseTime:1.009058s ] mysql:dbname=lvyou;host=localhost;charset=utf8
[ sql ] [ SQL ] SELECT * FROM `os_model` WHERE  `id` = 2 LIMIT 1 [ RunTime:0.001000s ]
[ sql ] [ DB ] CONNECT:[ UseTime:1.012058s ] mysql:dbname=lvyou;host=localhost;charset=utf8
[ sql ] [ SQL ] SELECT * FROM `os_model` WHERE  `id` = 1 LIMIT 1 [ RunTime:0.001000s ]

---------------------------------------------------------------
[ 2017-09-08T14:13:03+08:00 ] 127.0.0.1 127.0.0.1 GET /index.php/admin/system/siteconfig.html
[ log ] lvyou.qunhuan.com/index.php/admin/system/siteconfig.html [运行时间：1.111064s][吞吐率：0.90req/s] [内存消耗：2,506.99kb] [文件加载：61]
[ info ] [ LANG ] D:\phpStudy\WWW\lvyou\thinkphp\lang\zh-cn.php
[ info ] [ ROUTE ] array (
  'type' => 'module',
  'module' => 
  array (
    0 => 'admin',
    1 => 'system',
    2 => 'siteconfig',
  ),
)
[ info ] [ HEADER ] array (
  'cookie' => '_ga=GA1.2.2046992331.1503559220; PHPSESSID=fsig9cvd61tl2am45bnpn2mh74',
  'accept-language' => 'zh-CN,zh;q=0.8',
  'accept-encoding' => 'gzip, deflate',
  'referer' => 'http://lvyou.qunhuan.com/index.php/admin/cate/index.html',
  'accept' => 'text/html,application/xhtml+xml,application/xml;q=0.9,image/webp,image/apng,*/*;q=0.8',
  'user-agent' => 'Mozilla/5.0 (Windows NT 6.1; WOW64) AppleWebKit/537.36 (KHTML, like Gecko) Chrome/60.0.3112.113 Safari/537.36',
  'upgrade-insecure-requests' => '1',
  'connection' => 'close',
  'host' => 'lvyou.qunhuan.com',
)
[ info ] [ PARAM ] array (
)
[ info ] [ SESSION ] INIT array (
  'id' => '',
  'var_session_id' => '',
  'prefix' => 'think',
  'type' => '',
  'auto_start' => true,
)
[ info ] [ DB ] INIT mysql
[ info ] [ RUN ] app\admin\controller\System->siteConfig[ D:\phpStudy\WWW\lvyou\application\admin\controller\System.php ]
[ info ] [ VIEW ] ./themes/admin/system\site_config.html [ array (
  0 => 'menu',
  1 => 'admin_id',
  2 => 'controller',
  3 => 'site_config',
) ]
[ info ] [ LOG ] INIT File
[ sql ] [ DB ] CONNECT:[ UseTime:1.013058s ] mysql:dbname=lvyou;host=localhost;charset=utf8
[ sql ] [ SQL ] SHOW COLUMNS FROM `os_auth_group_access` [ RunTime:0.011000s ]
[ sql ] [ SQL ] SELECT `AuthGroupAccess`.`uid`,`AuthGroupAccess`.`group_id`,`AuthGroup`.`title`,`AuthGroup`.`rules` FROM `os_auth_group_access` `AuthGroupAccess` LEFT JOIN `os_auth_group` `AuthGroup` ON `AuthGroupAccess`.`group_id`=`AuthGroup`.`id` WHERE  (  AuthGroupAccess.uid='1' and AuthGroup.status='1' ) [ RunTime:0.001001s ]
[ sql ] [ SQL ] SHOW COLUMNS FROM `os_auth_rule` [ RunTime:0.010000s ]
[ sql ] [ SQL ] SELECT `condition`,`name` FROM `os_auth_rule` WHERE  `id` IN (1,2,3,73,74,5,6,7,8,9,10,11,12,39,40,41,42,43,14,13,20,21,22,23,24,15,25,26,27,28,29,30,16,17,44,45,46,47,48,18,49,50,51,52,53,19,31,32,33,34,35,36,37,54,55,58,59,60,61,62,56,63,64,65,66,67,57,68,69,70,71,72)  AND `type` = 1 [ RunTime:0.001000s ]
[ sql ] [ SQL ] SELECT * FROM `os_auth_rule` WHERE  `status` = 1 ORDER BY `sort`  DESC,`id`  ASC [ RunTime:0.001001s ]
[ sql ] [ SQL ] SHOW COLUMNS FROM `os_system` [ RunTime:0.012000s ]
[ sql ] [ SQL ] SELECT `value` FROM `os_system` WHERE  `name` = 'site_config' LIMIT 1 [ RunTime:0.001000s ]

---------------------------------------------------------------
[ 2017-09-08T14:13:14+08:00 ] 127.0.0.1 127.0.0.1 GET /index.php/admin/hotel_rooms/index.html
[ log ] lvyou.qunhuan.com/index.php/admin/hotel_rooms/index.html [运行时间：1.151066s][吞吐率：0.87req/s] [内存消耗：3,071.55kb] [文件加载：67]
[ info ] [ LANG ] D:\phpStudy\WWW\lvyou\thinkphp\lang\zh-cn.php
[ info ] [ ROUTE ] array (
  'type' => 'module',
  'module' => 
  array (
    0 => 'admin',
    1 => 'hotel_rooms',
    2 => 'index',
  ),
)
[ info ] [ HEADER ] array (
  'cookie' => '_ga=GA1.2.2046992331.1503559220; PHPSESSID=fsig9cvd61tl2am45bnpn2mh74',
  'accept-language' => 'zh-CN,zh;q=0.8',
  'accept-encoding' => 'gzip, deflate',
  'referer' => 'http://lvyou.qunhuan.com/index.php/admin/system/siteconfig.html',
  'accept' => 'text/html,application/xhtml+xml,application/xml;q=0.9,image/webp,image/apng,*/*;q=0.8',
  'user-agent' => 'Mozilla/5.0 (Windows NT 6.1; WOW64) AppleWebKit/537.36 (KHTML, like Gecko) Chrome/60.0.3112.113 Safari/537.36',
  'upgrade-insecure-requests' => '1',
  'connection' => 'close',
  'host' => 'lvyou.qunhuan.com',
)
[ info ] [ PARAM ] array (
)
[ info ] [ SESSION ] INIT array (
  'id' => '',
  'var_session_id' => '',
  'prefix' => 'think',
  'type' => '',
  'auto_start' => true,
)
[ info ] [ DB ] INIT mysql
[ info ] [ RUN ] app\admin\controller\HotelRooms->index[ D:\phpStudy\WWW\lvyou\application\admin\controller\HotelRooms.php ]
[ info ] [ VIEW ] ./themes/admin/hotel_rooms\index_admin.html [ array (
  0 => 'menu',
  1 => 'admin_id',
  2 => 'controller',
  3 => 'room_list',
) ]
[ info ] [ LOG ] INIT File
[ sql ] [ DB ] CONNECT:[ UseTime:1.002057s ] mysql:dbname=lvyou;host=localhost;charset=utf8
[ sql ] [ SQL ] SHOW COLUMNS FROM `os_auth_group_access` [ RunTime:0.010001s ]
[ sql ] [ SQL ] SELECT `AuthGroupAccess`.`uid`,`AuthGroupAccess`.`group_id`,`AuthGroup`.`title`,`AuthGroup`.`rules` FROM `os_auth_group_access` `AuthGroupAccess` LEFT JOIN `os_auth_group` `AuthGroup` ON `AuthGroupAccess`.`group_id`=`AuthGroup`.`id` WHERE  (  AuthGroupAccess.uid='1' and AuthGroup.status='1' ) [ RunTime:0.000000s ]
[ sql ] [ SQL ] SHOW COLUMNS FROM `os_auth_rule` [ RunTime:0.011000s ]
[ sql ] [ SQL ] SELECT `condition`,`name` FROM `os_auth_rule` WHERE  `id` IN (1,2,3,73,74,5,6,7,8,9,10,11,12,39,40,41,42,43,14,13,20,21,22,23,24,15,25,26,27,28,29,30,16,17,44,45,46,47,48,18,49,50,51,52,53,19,31,32,33,34,35,36,37,54,55,58,59,60,61,62,56,63,64,65,66,67,57,68,69,70,71,72)  AND `type` = 1 [ RunTime:0.002000s ]
[ sql ] [ SQL ] SELECT * FROM `os_auth_rule` WHERE  `status` = 1 ORDER BY `sort`  DESC,`id`  ASC [ RunTime:0.001000s ]
[ sql ] [ SQL ] SHOW COLUMNS FROM `os_hotel_rooms` [ RunTime:0.013001s ]
[ sql ] [ SQL ] SELECT * FROM `os_hotel_rooms` [ RunTime:0.001000s ]
[ sql ] [ SQL ] SHOW COLUMNS FROM `os_hotel` [ RunTime:0.012000s ]
[ sql ] [ SQL ] SELECT * FROM `os_hotel` WHERE  `id` = 2 LIMIT 1 [ RunTime:0.001000s ]
[ sql ] [ SQL ] SHOW COLUMNS FROM `os_hotel_cate` [ RunTime:0.011000s ]
[ sql ] [ SQL ] SELECT `name` FROM `os_hotel_cate` WHERE  `id` = 1 LIMIT 1 [ RunTime:0.000000s ]
[ sql ] [ SQL ] SELECT * FROM `os_hotel` WHERE  `id` = 2 LIMIT 1 [ RunTime:0.000000s ]
[ sql ] [ SQL ] SELECT `name` FROM `os_hotel_cate` WHERE  `id` = 1 LIMIT 1 [ RunTime:0.000000s ]
[ sql ] [ SQL ] SELECT * FROM `os_hotel` WHERE  `id` = 2 LIMIT 1 [ RunTime:0.001000s ]
[ sql ] [ SQL ] SELECT `name` FROM `os_hotel_cate` WHERE  `id` = 1 LIMIT 1 [ RunTime:0.000000s ]
[ sql ] [ SQL ] SELECT * FROM `os_hotel` WHERE  `id` = 2 LIMIT 1 [ RunTime:0.000000s ]
[ sql ] [ SQL ] SELECT `name` FROM `os_hotel_cate` WHERE  `id` = 1 LIMIT 1 [ RunTime:0.001000s ]

---------------------------------------------------------------
[ 2017-09-08T14:13:21+08:00 ] 127.0.0.1 127.0.0.1 GET /index.php/admin/pages/index.html
[ log ] lvyou.qunhuan.com/index.php/admin/pages/index.html [运行时间：1.111064s][吞吐率：0.90req/s] [内存消耗：2,812.37kb] [文件加载：63]
[ info ] [ LANG ] D:\phpStudy\WWW\lvyou\thinkphp\lang\zh-cn.php
[ info ] [ ROUTE ] array (
  'type' => 'module',
  'module' => 
  array (
    0 => 'admin',
    1 => 'pages',
    2 => 'index',
  ),
)
[ info ] [ HEADER ] array (
  'cookie' => '_ga=GA1.2.2046992331.1503559220; PHPSESSID=fsig9cvd61tl2am45bnpn2mh74',
  'accept-language' => 'zh-CN,zh;q=0.8',
  'accept-encoding' => 'gzip, deflate',
  'referer' => 'http://lvyou.qunhuan.com/index.php/admin/hotel_rooms/index.html',
  'accept' => 'text/html,application/xhtml+xml,application/xml;q=0.9,image/webp,image/apng,*/*;q=0.8',
  'user-agent' => 'Mozilla/5.0 (Windows NT 6.1; WOW64) AppleWebKit/537.36 (KHTML, like Gecko) Chrome/60.0.3112.113 Safari/537.36',
  'upgrade-insecure-requests' => '1',
  'connection' => 'close',
  'host' => 'lvyou.qunhuan.com',
)
[ info ] [ PARAM ] array (
)
[ info ] [ SESSION ] INIT array (
  'id' => '',
  'var_session_id' => '',
  'prefix' => 'think',
  'type' => '',
  'auto_start' => true,
)
[ info ] [ DB ] INIT mysql
[ info ] [ RUN ] app\admin\controller\Pages->index[ D:\phpStudy\WWW\lvyou\application\admin\controller\Pages.php ]
[ info ] [ VIEW ] ./themes/admin/pages\index.html [ array (
  0 => 'menu',
  1 => 'admin_id',
  2 => 'controller',
  3 => 'data',
) ]
[ info ] [ LOG ] INIT File
[ sql ] [ DB ] CONNECT:[ UseTime:1.011058s ] mysql:dbname=lvyou;host=localhost;charset=utf8
[ sql ] [ SQL ] SHOW COLUMNS FROM `os_auth_group_access` [ RunTime:0.010001s ]
[ sql ] [ SQL ] SELECT `AuthGroupAccess`.`uid`,`AuthGroupAccess`.`group_id`,`AuthGroup`.`title`,`AuthGroup`.`rules` FROM `os_auth_group_access` `AuthGroupAccess` LEFT JOIN `os_auth_group` `AuthGroup` ON `AuthGroupAccess`.`group_id`=`AuthGroup`.`id` WHERE  (  AuthGroupAccess.uid='1' and AuthGroup.status='1' ) [ RunTime:0.001000s ]
[ sql ] [ SQL ] SHOW COLUMNS FROM `os_auth_rule` [ RunTime:0.010001s ]
[ sql ] [ SQL ] SELECT `condition`,`name` FROM `os_auth_rule` WHERE  `id` IN (1,2,3,73,74,5,6,7,8,9,10,11,12,39,40,41,42,43,14,13,20,21,22,23,24,15,25,26,27,28,29,30,16,17,44,45,46,47,48,18,49,50,51,52,53,19,31,32,33,34,35,36,37,54,55,58,59,60,61,62,56,63,64,65,66,67,57,68,69,70,71,72)  AND `type` = 1 [ RunTime:0.002000s ]
[ sql ] [ SQL ] SELECT * FROM `os_auth_rule` WHERE  `status` = 1 ORDER BY `sort`  DESC,`id`  ASC [ RunTime:0.001000s ]
[ sql ] [ SQL ] SHOW COLUMNS FROM `os_pages` [ RunTime:0.012001s ]
[ sql ] [ SQL ] SELECT * FROM `os_pages` [ RunTime:0.001000s ]

---------------------------------------------------------------
[ 2017-09-08T14:13:26+08:00 ] 127.0.0.1 127.0.0.1 GET /index.php/admin/techan/index.html
[ log ] lvyou.qunhuan.com/index.php/admin/techan/index.html [运行时间：1.139065s][吞吐率：0.88req/s] [内存消耗：2,914.87kb] [文件加载：67]
[ info ] [ LANG ] D:\phpStudy\WWW\lvyou\thinkphp\lang\zh-cn.php
[ info ] [ ROUTE ] array (
  'type' => 'module',
  'module' => 
  array (
    0 => 'admin',
    1 => 'techan',
    2 => 'index',
  ),
)
[ info ] [ HEADER ] array (
  'cookie' => '_ga=GA1.2.2046992331.1503559220; PHPSESSID=fsig9cvd61tl2am45bnpn2mh74',
  'accept-language' => 'zh-CN,zh;q=0.8',
  'accept-encoding' => 'gzip, deflate',
  'referer' => 'http://lvyou.qunhuan.com/index.php/admin/pages/index.html',
  'accept' => 'text/html,application/xhtml+xml,application/xml;q=0.9,image/webp,image/apng,*/*;q=0.8',
  'user-agent' => 'Mozilla/5.0 (Windows NT 6.1; WOW64) AppleWebKit/537.36 (KHTML, like Gecko) Chrome/60.0.3112.113 Safari/537.36',
  'upgrade-insecure-requests' => '1',
  'connection' => 'close',
  'host' => 'lvyou.qunhuan.com',
)
[ info ] [ PARAM ] array (
)
[ info ] [ SESSION ] INIT array (
  'id' => '',
  'var_session_id' => '',
  'prefix' => 'think',
  'type' => '',
  'auto_start' => true,
)
[ info ] [ DB ] INIT mysql
[ info ] [ RUN ] app\admin\controller\Techan->index[ D:\phpStudy\WWW\lvyou\application\admin\controller\Techan.php ]
[ info ] [ VIEW ] ./themes/admin/techan\index.html [ array (
  0 => 'menu',
  1 => 'admin_id',
  2 => 'controller',
  3 => 'techan_list',
  4 => 'chandi_list',
  5 => 'keyword',
) ]
[ info ] [ LOG ] INIT File
[ sql ] [ DB ] CONNECT:[ UseTime:1.024059s ] mysql:dbname=lvyou;host=localhost;charset=utf8
[ sql ] [ SQL ] SHOW COLUMNS FROM `os_auth_group_access` [ RunTime:0.011000s ]
[ sql ] [ SQL ] SELECT `AuthGroupAccess`.`uid`,`AuthGroupAccess`.`group_id`,`AuthGroup`.`title`,`AuthGroup`.`rules` FROM `os_auth_group_access` `AuthGroupAccess` LEFT JOIN `os_auth_group` `AuthGroup` ON `AuthGroupAccess`.`group_id`=`AuthGroup`.`id` WHERE  (  AuthGroupAccess.uid='1' and AuthGroup.status='1' ) [ RunTime:0.001000s ]
[ sql ] [ SQL ] SHOW COLUMNS FROM `os_auth_rule` [ RunTime:0.010001s ]
[ sql ] [ SQL ] SELECT `condition`,`name` FROM `os_auth_rule` WHERE  `id` IN (1,2,3,73,74,5,6,7,8,9,10,11,12,39,40,41,42,43,14,13,20,21,22,23,24,15,25,26,27,28,29,30,16,17,44,45,46,47,48,18,49,50,51,52,53,19,31,32,33,34,35,36,37,54,55,58,59,60,61,62,56,63,64,65,66,67,57,68,69,70,71,72)  AND `type` = 1 [ RunTime:0.001000s ]
[ sql ] [ SQL ] SELECT * FROM `os_auth_rule` WHERE  `status` = 1 ORDER BY `sort`  DESC,`id`  ASC [ RunTime:0.001000s ]
[ sql ] [ SQL ] SHOW COLUMNS FROM `os_techan` [ RunTime:0.012000s ]
[ sql ] [ SQL ] SELECT COUNT(*) AS tp_count FROM `os_techan` LIMIT 1 [ RunTime:0.000000s ]
[ sql ] [ SQL ] SELECT * FROM `os_techan` LIMIT 0,15 [ RunTime:0.000000s ]
[ sql ] [ SQL ] SHOW COLUMNS FROM `os_city` [ RunTime:0.009000s ]
[ sql ] [ SQL ] SELECT * FROM `os_city` WHERE  `status` = 1 [ RunTime:0.000000s ]

---------------------------------------------------------------
[ 2017-09-08T14:13:36+08:00 ] 127.0.0.1 127.0.0.1 GET /index.php/admin/category/index.html
[ log ] lvyou.qunhuan.com/index.php/admin/category/index.html [运行时间：1.120064s][吞吐率：0.89req/s] [内存消耗：2,978.70kb] [文件加载：66]
[ info ] [ LANG ] D:\phpStudy\WWW\lvyou\thinkphp\lang\zh-cn.php
[ info ] [ ROUTE ] array (
  'type' => 'module',
  'module' => 
  array (
    0 => 'admin',
    1 => 'category',
    2 => 'index',
  ),
)
[ info ] [ HEADER ] array (
  'cookie' => '_ga=GA1.2.2046992331.1503559220; PHPSESSID=fsig9cvd61tl2am45bnpn2mh74',
  'accept-language' => 'zh-CN,zh;q=0.8',
  'accept-encoding' => 'gzip, deflate',
  'referer' => 'http://lvyou.qunhuan.com/index.php/admin/techan/index.html',
  'accept' => 'text/html,application/xhtml+xml,application/xml;q=0.9,image/webp,image/apng,*/*;q=0.8',
  'user-agent' => 'Mozilla/5.0 (Windows NT 6.1; WOW64) AppleWebKit/537.36 (KHTML, like Gecko) Chrome/60.0.3112.113 Safari/537.36',
  'upgrade-insecure-requests' => '1',
  'connection' => 'close',
  'host' => 'lvyou.qunhuan.com',
)
[ info ] [ PARAM ] array (
)
[ info ] [ SESSION ] INIT array (
  'id' => '',
  'var_session_id' => '',
  'prefix' => 'think',
  'type' => '',
  'auto_start' => true,
)
[ info ] [ DB ] INIT mysql
[ info ] [ RUN ] app\admin\controller\Category->index[ D:\phpStudy\WWW\lvyou\application\admin\controller\Category.php ]
[ info ] [ VIEW ] ./themes/admin/category\index.html [ array (
  0 => 'menu',
  1 => 'admin_id',
  2 => 'controller',
  3 => 'category_level_list',
) ]
[ info ] [ LOG ] INIT File
[ sql ] [ DB ] CONNECT:[ UseTime:1.012058s ] mysql:dbname=lvyou;host=localhost;charset=utf8
[ sql ] [ SQL ] SHOW COLUMNS FROM `os_auth_group_access` [ RunTime:0.011001s ]
[ sql ] [ SQL ] SELECT `AuthGroupAccess`.`uid`,`AuthGroupAccess`.`group_id`,`AuthGroup`.`title`,`AuthGroup`.`rules` FROM `os_auth_group_access` `AuthGroupAccess` LEFT JOIN `os_auth_group` `AuthGroup` ON `AuthGroupAccess`.`group_id`=`AuthGroup`.`id` WHERE  (  AuthGroupAccess.uid='1' and AuthGroup.status='1' ) [ RunTime:0.001000s ]
[ sql ] [ SQL ] SHOW COLUMNS FROM `os_auth_rule` [ RunTime:0.009001s ]
[ sql ] [ SQL ] SELECT `condition`,`name` FROM `os_auth_rule` WHERE  `id` IN (1,2,3,73,74,5,6,7,8,9,10,11,12,39,40,41,42,43,14,13,20,21,22,23,24,15,25,26,27,28,29,30,16,17,44,45,46,47,48,18,49,50,51,52,53,19,31,32,33,34,35,36,37,54,55,58,59,60,61,62,56,63,64,65,66,67,57,68,69,70,71,72)  AND `type` = 1 [ RunTime:0.002000s ]
[ sql ] [ SQL ] SELECT * FROM `os_auth_rule` WHERE  `status` = 1 ORDER BY `sort`  DESC,`id`  ASC [ RunTime:0.001000s ]
[ sql ] [ SQL ] SHOW COLUMNS FROM `os_category` [ RunTime:0.012001s ]
[ sql ] [ SQL ] SELECT * FROM `os_category` ORDER BY `sort`  DESC [ RunTime:0.001000s ]

---------------------------------------------------------------
[ 2017-09-08T14:13:44+08:00 ] 127.0.0.1 127.0.0.1 GET /index.php/admin/hotel_rooms/index.html
[ log ] lvyou.qunhuan.com/index.php/admin/hotel_rooms/index.html [运行时间：1.160066s][吞吐率：0.86req/s] [内存消耗：2,888.47kb] [文件加载：65]
[ info ] [ LANG ] D:\phpStudy\WWW\lvyou\thinkphp\lang\zh-cn.php
[ info ] [ ROUTE ] array (
  'type' => 'module',
  'module' => 
  array (
    0 => 'admin',
    1 => 'hotel_rooms',
    2 => 'index',
  ),
)
[ info ] [ HEADER ] array (
  'cookie' => '_ga=GA1.2.2046992331.1503559220; PHPSESSID=fsig9cvd61tl2am45bnpn2mh74',
  'accept-language' => 'zh-CN,zh;q=0.8',
  'accept-encoding' => 'gzip, deflate',
  'referer' => 'http://lvyou.qunhuan.com/index.php/admin/category/index.html',
  'accept' => 'text/html,application/xhtml+xml,application/xml;q=0.9,image/webp,image/apng,*/*;q=0.8',
  'user-agent' => 'Mozilla/5.0 (Windows NT 6.1; WOW64) AppleWebKit/537.36 (KHTML, like Gecko) Chrome/60.0.3112.113 Safari/537.36',
  'upgrade-insecure-requests' => '1',
  'connection' => 'close',
  'host' => 'lvyou.qunhuan.com',
)
[ info ] [ PARAM ] array (
)
[ info ] [ SESSION ] INIT array (
  'id' => '',
  'var_session_id' => '',
  'prefix' => 'think',
  'type' => '',
  'auto_start' => true,
)
[ info ] [ DB ] INIT mysql
[ info ] [ RUN ] app\admin\controller\HotelRooms->index[ D:\phpStudy\WWW\lvyou\application\admin\controller\HotelRooms.php ]
[ info ] [ VIEW ] ./themes/admin/hotel_rooms\index_admin.html [ array (
  0 => 'menu',
  1 => 'admin_id',
  2 => 'controller',
  3 => 'room_list',
) ]
[ info ] [ LOG ] INIT File
[ sql ] [ DB ] CONNECT:[ UseTime:1.008058s ] mysql:dbname=lvyou;host=localhost;charset=utf8
[ sql ] [ SQL ] SHOW COLUMNS FROM `os_auth_group_access` [ RunTime:0.012001s ]
[ sql ] [ SQL ] SELECT `AuthGroupAccess`.`uid`,`AuthGroupAccess`.`group_id`,`AuthGroup`.`title`,`AuthGroup`.`rules` FROM `os_auth_group_access` `AuthGroupAccess` LEFT JOIN `os_auth_group` `AuthGroup` ON `AuthGroupAccess`.`group_id`=`AuthGroup`.`id` WHERE  (  AuthGroupAccess.uid='1' and AuthGroup.status='1' ) [ RunTime:0.001000s ]
[ sql ] [ SQL ] SHOW COLUMNS FROM `os_auth_rule` [ RunTime:0.011000s ]
[ sql ] [ SQL ] SELECT `condition`,`name` FROM `os_auth_rule` WHERE  `id` IN (1,2,3,73,74,5,6,7,8,9,10,11,12,39,40,41,42,43,14,13,20,21,22,23,24,15,25,26,27,28,29,30,16,17,44,45,46,47,48,18,49,50,51,52,53,19,31,32,33,34,35,36,37,54,55,58,59,60,61,62,56,63,64,65,66,67,57,68,69,70,71,72)  AND `type` = 1 [ RunTime:0.001000s ]
[ sql ] [ SQL ] SELECT * FROM `os_auth_rule` WHERE  `status` = 1 ORDER BY `sort`  DESC,`id`  ASC [ RunTime:0.001000s ]
[ sql ] [ SQL ] SHOW COLUMNS FROM `os_hotel_rooms` [ RunTime:0.013001s ]
[ sql ] [ SQL ] SELECT * FROM `os_hotel_rooms` [ RunTime:0.001000s ]
[ sql ] [ SQL ] SHOW COLUMNS FROM `os_hotel` [ RunTime:0.014000s ]
[ sql ] [ SQL ] SELECT * FROM `os_hotel` WHERE  `id` = 2 LIMIT 1 [ RunTime:0.002000s ]
[ sql ] [ SQL ] SHOW COLUMNS FROM `os_hotel_cate` [ RunTime:0.010000s ]
[ sql ] [ SQL ] SELECT `name` FROM `os_hotel_cate` WHERE  `id` = 1 LIMIT 1 [ RunTime:0.001000s ]
[ sql ] [ SQL ] SELECT * FROM `os_hotel` WHERE  `id` = 2 LIMIT 1 [ RunTime:0.000000s ]
[ sql ] [ SQL ] SELECT `name` FROM `os_hotel_cate` WHERE  `id` = 1 LIMIT 1 [ RunTime:0.001000s ]
[ sql ] [ SQL ] SELECT * FROM `os_hotel` WHERE  `id` = 2 LIMIT 1 [ RunTime:0.001000s ]
[ sql ] [ SQL ] SELECT `name` FROM `os_hotel_cate` WHERE  `id` = 1 LIMIT 1 [ RunTime:0.001000s ]
[ sql ] [ SQL ] SELECT * FROM `os_hotel` WHERE  `id` = 2 LIMIT 1 [ RunTime:0.001000s ]
[ sql ] [ SQL ] SELECT `name` FROM `os_hotel_cate` WHERE  `id` = 1 LIMIT 1 [ RunTime:0.000000s ]

---------------------------------------------------------------
[ 2017-09-08T14:14:02+08:00 ] 127.0.0.1 127.0.0.1 GET /index.php/admin/routes_user/index.html
[ log ] lvyou.qunhuan.com/index.php/admin/routes_user/index.html [运行时间：1.096063s][吞吐率：0.91req/s] [内存消耗：2,800.26kb] [文件加载：63]
[ info ] [ LANG ] D:\phpStudy\WWW\lvyou\thinkphp\lang\zh-cn.php
[ info ] [ ROUTE ] array (
  'type' => 'module',
  'module' => 
  array (
    0 => 'admin',
    1 => 'routes_user',
    2 => 'index',
  ),
)
[ info ] [ HEADER ] array (
  'cookie' => '_ga=GA1.2.2046992331.1503559220; PHPSESSID=fsig9cvd61tl2am45bnpn2mh74',
  'accept-language' => 'zh-CN,zh;q=0.8',
  'accept-encoding' => 'gzip, deflate',
  'referer' => 'http://lvyou.qunhuan.com/index.php/admin/hotel_rooms/index.html',
  'accept' => 'text/html,application/xhtml+xml,application/xml;q=0.9,image/webp,image/apng,*/*;q=0.8',
  'user-agent' => 'Mozilla/5.0 (Windows NT 6.1; WOW64) AppleWebKit/537.36 (KHTML, like Gecko) Chrome/60.0.3112.113 Safari/537.36',
  'upgrade-insecure-requests' => '1',
  'connection' => 'close',
  'host' => 'lvyou.qunhuan.com',
)
[ info ] [ PARAM ] array (
)
[ info ] [ SESSION ] INIT array (
  'id' => '',
  'var_session_id' => '',
  'prefix' => 'think',
  'type' => '',
  'auto_start' => true,
)
[ info ] [ DB ] INIT mysql
[ info ] [ RUN ] app\admin\controller\RoutesUser->index[ D:\phpStudy\WWW\lvyou\application\admin\controller\RoutesUser.php ]
[ info ] [ VIEW ] ./themes/admin/routes_user\index_admin.html [ array (
  0 => 'menu',
  1 => 'admin_id',
  2 => 'controller',
  3 => 'route_list',
) ]
[ info ] [ LOG ] INIT File
[ sql ] [ DB ] CONNECT:[ UseTime:0.999057s ] mysql:dbname=lvyou;host=localhost;charset=utf8
[ sql ] [ SQL ] SHOW COLUMNS FROM `os_auth_group_access` [ RunTime:0.008001s ]
[ sql ] [ SQL ] SELECT `AuthGroupAccess`.`uid`,`AuthGroupAccess`.`group_id`,`AuthGroup`.`title`,`AuthGroup`.`rules` FROM `os_auth_group_access` `AuthGroupAccess` LEFT JOIN `os_auth_group` `AuthGroup` ON `AuthGroupAccess`.`group_id`=`AuthGroup`.`id` WHERE  (  AuthGroupAccess.uid='1' and AuthGroup.status='1' ) [ RunTime:0.001000s ]
[ sql ] [ SQL ] SHOW COLUMNS FROM `os_auth_rule` [ RunTime:0.010000s ]
[ sql ] [ SQL ] SELECT `condition`,`name` FROM `os_auth_rule` WHERE  `id` IN (1,2,3,73,74,5,6,7,8,9,10,11,12,39,40,41,42,43,14,13,20,21,22,23,24,15,25,26,27,28,29,30,16,17,44,45,46,47,48,18,49,50,51,52,53,19,31,32,33,34,35,36,37,54,55,58,59,60,61,62,56,63,64,65,66,67,57,68,69,70,71,72)  AND `type` = 1 [ RunTime:0.002000s ]
[ sql ] [ SQL ] SELECT * FROM `os_auth_rule` WHERE  `status` = 1 ORDER BY `sort`  DESC,`id`  ASC [ RunTime:0.001001s ]
[ sql ] [ SQL ] SHOW COLUMNS FROM `os_routes_user` [ RunTime:0.011000s ]
[ sql ] [ SQL ] SELECT * FROM `os_routes_user` [ RunTime:0.000000s ]

---------------------------------------------------------------
[ 2017-09-08T14:15:40+08:00 ] 127.0.0.1 127.0.0.1 GET /index.php/admin/model/index.html
[ log ] lvyou.qunhuan.com/index.php/admin/model/index.html [运行时间：1.106063s][吞吐率：0.90req/s] [内存消耗：2,931.96kb] [文件加载：65]
[ info ] [ LANG ] D:\phpStudy\WWW\lvyou\thinkphp\lang\zh-cn.php
[ info ] [ ROUTE ] array (
  'type' => 'module',
  'module' => 
  array (
    0 => 'admin',
    1 => 'model',
    2 => 'index',
  ),
)
[ info ] [ HEADER ] array (
  'cookie' => '_ga=GA1.2.2046992331.1503559220; PHPSESSID=fsig9cvd61tl2am45bnpn2mh74',
  'accept-language' => 'zh-CN,zh;q=0.8',
  'accept-encoding' => 'gzip, deflate',
  'referer' => 'http://lvyou.qunhuan.com/index.php/admin/routes_user/index.html',
  'accept' => 'text/html,application/xhtml+xml,application/xml;q=0.9,image/webp,image/apng,*/*;q=0.8',
  'user-agent' => 'Mozilla/5.0 (Windows NT 6.1; WOW64) AppleWebKit/537.36 (KHTML, like Gecko) Chrome/60.0.3112.113 Safari/537.36',
  'upgrade-insecure-requests' => '1',
  'connection' => 'close',
  'host' => 'lvyou.qunhuan.com',
)
[ info ] [ PARAM ] array (
)
[ info ] [ SESSION ] INIT array (
  'id' => '',
  'var_session_id' => '',
  'prefix' => 'think',
  'type' => '',
  'auto_start' => true,
)
[ info ] [ DB ] INIT mysql
[ info ] [ RUN ] app\admin\controller\Model->index[ D:\phpStudy\WWW\lvyou\application\admin\controller\Model.php ]
[ info ] [ VIEW ] ./themes/admin/model\index.html [ array (
  0 => 'menu',
  1 => 'admin_id',
  2 => 'controller',
  3 => 'model_list',
) ]
[ info ] [ LOG ] INIT File
[ sql ] [ DB ] CONNECT:[ UseTime:0.996057s ] mysql:dbname=lvyou;host=localhost;charset=utf8
[ sql ] [ SQL ] SHOW COLUMNS FROM `os_auth_group_access` [ RunTime:0.010000s ]
[ sql ] [ SQL ] SELECT `AuthGroupAccess`.`uid`,`AuthGroupAccess`.`group_id`,`AuthGroup`.`title`,`AuthGroup`.`rules` FROM `os_auth_group_access` `AuthGroupAccess` LEFT JOIN `os_auth_group` `AuthGroup` ON `AuthGroupAccess`.`group_id`=`AuthGroup`.`id` WHERE  (  AuthGroupAccess.uid='1' and AuthGroup.status='1' ) [ RunTime:0.000000s ]
[ sql ] [ SQL ] SHOW COLUMNS FROM `os_auth_rule` [ RunTime:0.012001s ]
[ sql ] [ SQL ] SELECT `condition`,`name` FROM `os_auth_rule` WHERE  `id` IN (1,2,3,73,74,5,6,7,8,9,10,11,12,39,40,41,42,43,14,13,20,21,22,23,24,15,25,26,27,28,29,30,16,17,44,45,46,47,48,18,49,50,51,52,53,19,31,32,33,34,35,36,37,54,55,58,59,60,61,62,56,63,64,65,66,67,57,68,69,70,71,72)  AND `type` = 1 [ RunTime:0.001000s ]
[ sql ] [ SQL ] SELECT * FROM `os_auth_rule` WHERE  `status` = 1 ORDER BY `sort`  DESC,`id`  ASC [ RunTime:0.000000s ]
[ sql ] [ SQL ] SHOW COLUMNS FROM `os_model` [ RunTime:0.011000s ]
[ sql ] [ SQL ] SELECT * FROM `os_model` [ RunTime:0.001001s ]

---------------------------------------------------------------
